The system is: Linux - 5.14.0-427.26.1.el9_4.x86_64 - x86_64
Compiling the C compiler identification source file "CMakeCCompilerId.c" succeeded.
Compiler: /opt/scorec/spack/rhel9/v0201_4/install/linux-rhel9-x86_64/gcc-12.3.0/mpich-4.1.1-xpoyz4tqgfxtrm6m7qq67q4ccp5pnlre/bin/mpicc 
Build flags: 
Id flags:  

The output was:
0


Compilation of the C compiler identification source "CMakeCCompilerId.c" produced "a.out"

The C compiler identification is GNU, found in "/lore/paudea/misc/RBFinterpolation/MLS-rbf-based-Interpolation/build/CMakeFiles/3.20.0/CompilerIdC/a.out"

Compiling the CXX compiler identification source file "CMakeCXXCompilerId.cpp" succeeded.
Compiler: /opt/scorec/spack/rhel9/v0201_4/install/linux-rhel9-x86_64/gcc-12.3.0/mpich-4.1.1-xpoyz4tqgfxtrm6m7qq67q4ccp5pnlre/bin/mpicxx 
Build flags: 
Id flags:  

The output was:
0


Compilation of the CXX compiler identification source "CMakeCXXCompilerId.cpp" produced "a.out"

The CXX compiler identification is GNU, found in "/lore/paudea/misc/RBFinterpolation/MLS-rbf-based-Interpolation/build/CMakeFiles/3.20.0/CompilerIdCXX/a.out"

Detecting C compiler ABI info compiled with the following output:
Change Dir: /lore/paudea/misc/RBFinterpolation/MLS-rbf-based-Interpolation/build/CMakeFiles/CMakeTmp

Run Build Command(s):/usr/bin/gmake -f Makefile cmTC_fc197/fast && /usr/bin/gmake  -f CMakeFiles/cmTC_fc197.dir/build.make CMakeFiles/cmTC_fc197.dir/build
gmake[1]: Entering directory '/lore/paudea/misc/RBFinterpolation/MLS-rbf-based-Interpolation/build/CMakeFiles/CMakeTmp'
Building C object CMakeFiles/cmTC_fc197.dir/CMakeCCompilerABI.c.o
/opt/scorec/spack/rhel9/v0201_4/install/linux-rhel9-x86_64/gcc-12.3.0/mpich-4.1.1-xpoyz4tqgfxtrm6m7qq67q4ccp5pnlre/bin/mpicc   -v -o CMakeFiles/cmTC_fc197.dir/CMakeCCompilerABI.c.o -c /opt/scorec/cmake/3.20.0/share/cmake-3.20/Modules/CMakeCCompilerABI.c
mpicc for MPICH version 4.1.1
Reading specs from /opt/scorec/spack/rhel9/v0201_4/install/linux-rhel9-x86_64/gcc-7.4.0/gcc-12.3.0-iil3lnovyknyxf7pec36wljem3fntjd5/lib/gcc/x86_64-pc-linux-gnu/12.3.0/specs
COLLECT_GCC=/opt/scorec/spack/rhel9/v0201_4/install/linux-rhel9-x86_64/gcc-7.4.0/gcc-12.3.0-iil3lnovyknyxf7pec36wljem3fntjd5/bin/gcc
Target: x86_64-pc-linux-gnu
Configured with: /space/cwsmith/spack/rhel9/v0201_4/build_stage/spack-stage-gcc-12.3.0-iil3lnovyknyxf7pec36wljem3fntjd5/spack-src/configure --prefix=/opt/scorec/spack/rhel9/v0201_4/install/linux-rhel9-x86_64/gcc-7.4.0/gcc-12.3.0-iil3lnovyknyxf7pec36wljem3fntjd5 --with-pkgversion='Spack GCC' --with-bugurl=https://github.com/spack/spack/issues --disable-multilib --enable-languages=c,c++,fortran --disable-nls --disable-canonical-system-headers --with-system-zlib --with-zstd-include=/opt/scorec/spack/rhel9/v0201_4/install/linux-rhel9-x86_64/gcc-7.4.0/zstd-1.5.5-jmx6qld47fhvlvb2xedqe74savl55i6p/include --with-zstd-lib=/opt/scorec/spack/rhel9/v0201_4/install/linux-rhel9-x86_64/gcc-7.4.0/zstd-1.5.5-jmx6qld47fhvlvb2xedqe74savl55i6p/lib --enable-bootstrap --with-mpfr-include=/opt/scorec/spack/rhel9/v0201_4/install/linux-rhel9-x86_64/gcc-7.4.0/mpfr-4.2.0-kaio7oplmuqaasj2pkoq2srjqy7qpxs5/include --with-mpfr-lib=/opt/scorec/spack/rhel9/v0201_4/install/linux-rhel9-x86_64/gcc-7.4.0/mpfr-4.2.0-kaio7oplmuqaasj2pkoq2srjqy7qpxs5/lib --with-gmp-include=/opt/scorec/spack/rhel9/v0201_4/install/linux-rhel9-x86_64/gcc-7.4.0/gmp-6.2.1-iex45aklocne2fbvezxzzfsp2w7vdlmg/include --with-gmp-lib=/opt/scorec/spack/rhel9/v0201_4/install/linux-rhel9-x86_64/gcc-7.4.0/gmp-6.2.1-iex45aklocne2fbvezxzzfsp2w7vdlmg/lib --with-mpc-include=/opt/scorec/spack/rhel9/v0201_4/install/linux-rhel9-x86_64/gcc-7.4.0/mpc-1.3.1-5wptfliuspyqo5a4qypm7auvrx6gldh5/include --with-mpc-lib=/opt/scorec/spack/rhel9/v0201_4/install/linux-rhel9-x86_64/gcc-7.4.0/mpc-1.3.1-5wptfliuspyqo5a4qypm7auvrx6gldh5/lib --without-isl --with-stage1-ldflags='-Wl,-rpath,/opt/scorec/spack/rhel9/v0201_4/install/linux-rhel9-x86_64/gcc-7.4.0/gcc-12.3.0-iil3lnovyknyxf7pec36wljem3fntjd5/lib -Wl,-rpath,/opt/scorec/spack/rhel9/v0201_4/install/linux-rhel9-x86_64/gcc-7.4.0/gcc-12.3.0-iil3lnovyknyxf7pec36wljem3fntjd5/lib64 -Wl,-rpath,/opt/scorec/spack/rhel9/v0201_4/install/linux-rhel9-x86_64/gcc-7.4.0/gmp-6.2.1-iex45aklocne2fbvezxzzfsp2w7vdlmg/lib -Wl,-rpath,/opt/scorec/spack/rhel9/v0201_4/install/linux-rhel9-x86_64/gcc-7.4.0/mpc-1.3.1-5wptfliuspyqo5a4qypm7auvrx6gldh5/lib -Wl,-rpath,/opt/scorec/spack/rhel9/v0201_4/install/linux-rhel9-x86_64/gcc-7.4.0/mpfr-4.2.0-kaio7oplmuqaasj2pkoq2srjqy7qpxs5/lib -Wl,-rpath,/opt/scorec/spack/rhel9/v0201_4/install/linux-rhel9-x86_64/gcc-7.4.0/zlib-1.2.13-mvjz5oiydrl3oey4yh7fh6mvpp5jjsfd/lib -Wl,-rpath,/opt/scorec/spack/rhel9/v0201_4/install/linux-rhel9-x86_64/gcc-7.4.0/zstd-1.5.5-jmx6qld47fhvlvb2xedqe74savl55i6p/lib' --with-boot-ldflags='-Wl,-rpath,/opt/scorec/spack/rhel9/v0201_4/install/linux-rhel9-x86_64/gcc-7.4.0/gcc-12.3.0-iil3lnovyknyxf7pec36wljem3fntjd5/lib -Wl,-rpath,/opt/scorec/spack/rhel9/v0201_4/install/linux-rhel9-x86_64/gcc-7.4.0/gcc-12.3.0-iil3lnovyknyxf7pec36wljem3fntjd5/lib64 -Wl,-rpath,/opt/scorec/spack/rhel9/v0201_4/install/linux-rhel9-x86_64/gcc-7.4.0/gmp-6.2.1-iex45aklocne2fbvezxzzfsp2w7vdlmg/lib -Wl,-rpath,/opt/scorec/spack/rhel9/v0201_4/install/linux-rhel9-x86_64/gcc-7.4.0/mpc-1.3.1-5wptfliuspyqo5a4qypm7auvrx6gldh5/lib -Wl,-rpath,/opt/scorec/spack/rhel9/v0201_4/install/linux-rhel9-x86_64/gcc-7.4.0/mpfr-4.2.0-kaio7oplmuqaasj2pkoq2srjqy7qpxs5/lib -Wl,-rpath,/opt/scorec/spack/rhel9/v0201_4/install/linux-rhel9-x86_64/gcc-7.4.0/zlib-1.2.13-mvjz5oiydrl3oey4yh7fh6mvpp5jjsfd/lib -Wl,-rpath,/opt/scorec/spack/rhel9/v0201_4/install/linux-rhel9-x86_64/gcc-7.4.0/zstd-1.5.5-jmx6qld47fhvlvb2xedqe74savl55i6p/lib -static-libstdc++ -static-libgcc' --with-build-config=spack
Thread model: posix
Supported LTO compression algorithms: zlib zstd
gcc version 12.3.0 (Spack GCC) 
COLLECT_GCC_OPTIONS='-v' '-o' 'CMakeFiles/cmTC_fc197.dir/CMakeCCompilerABI.c.o' '-c' '-I' '/opt/scorec/spack/rhel9/v0201_4/install/linux-rhel9-x86_64/gcc-12.3.0/mpich-4.1.1-xpoyz4tqgfxtrm6m7qq67q4ccp5pnlre/include' '-mtune=generic' '-march=x86-64' '-dumpdir' 'CMakeFiles/cmTC_fc197.dir/'
 /opt/scorec/spack/rhel9/v0201_4/install/linux-rhel9-x86_64/gcc-7.4.0/gcc-12.3.0-iil3lnovyknyxf7pec36wljem3fntjd5/libexec/gcc/x86_64-pc-linux-gnu/12.3.0/cc1 -quiet -v -I /opt/scorec/spack/rhel9/v0201_4/install/linux-rhel9-x86_64/gcc-12.3.0/mpich-4.1.1-xpoyz4tqgfxtrm6m7qq67q4ccp5pnlre/include /opt/scorec/cmake/3.20.0/share/cmake-3.20/Modules/CMakeCCompilerABI.c -quiet -dumpdir CMakeFiles/cmTC_fc197.dir/ -dumpbase CMakeCCompilerABI.c.c -dumpbase-ext .c -mtune=generic -march=x86-64 -version -o /tmp/ccGqWFXy.s
GNU C17 (Spack GCC) version 12.3.0 (x86_64-pc-linux-gnu)
	compiled by GNU C version 12.3.0, GMP version 6.2.1, MPFR version 4.2.0, MPC version 1.3.1, isl version none
GGC heuristics: --param ggc-min-expand=100 --param ggc-min-heapsize=131072
ignoring nonexistent directory "/opt/scorec/spack/rhel9/v0201_4/install/linux-rhel9-x86_64/gcc-7.4.0/gcc-12.3.0-iil3lnovyknyxf7pec36wljem3fntjd5/lib/gcc/x86_64-pc-linux-gnu/12.3.0/../../../../x86_64-pc-linux-gnu/include"
#include "..." search starts here:
#include <...> search starts here:
 /opt/scorec/spack/rhel9/v0201_4/install/linux-rhel9-x86_64/gcc-12.3.0/mpich-4.1.1-xpoyz4tqgfxtrm6m7qq67q4ccp5pnlre/include
 /opt/scorec/spack/rhel9/v0201_4/install/linux-rhel9-x86_64/gcc-7.4.0/gcc-12.3.0-iil3lnovyknyxf7pec36wljem3fntjd5/lib/gcc/x86_64-pc-linux-gnu/12.3.0/include
 /usr/local/include
 /opt/scorec/spack/rhel9/v0201_4/install/linux-rhel9-x86_64/gcc-7.4.0/gcc-12.3.0-iil3lnovyknyxf7pec36wljem3fntjd5/include
 /opt/scorec/spack/rhel9/v0201_4/install/linux-rhel9-x86_64/gcc-7.4.0/gcc-12.3.0-iil3lnovyknyxf7pec36wljem3fntjd5/lib/gcc/x86_64-pc-linux-gnu/12.3.0/include-fixed
 /usr/include
End of search list.
GNU C17 (Spack GCC) version 12.3.0 (x86_64-pc-linux-gnu)
	compiled by GNU C version 12.3.0, GMP version 6.2.1, MPFR version 4.2.0, MPC version 1.3.1, isl version none
GGC heuristics: --param ggc-min-expand=100 --param ggc-min-heapsize=131072
Compiler executable checksum: 1c3deb0dc2327afeed511de1342164da
COLLECT_GCC_OPTIONS='-v' '-o' 'CMakeFiles/cmTC_fc197.dir/CMakeCCompilerABI.c.o' '-c' '-I' '/opt/scorec/spack/rhel9/v0201_4/install/linux-rhel9-x86_64/gcc-12.3.0/mpich-4.1.1-xpoyz4tqgfxtrm6m7qq67q4ccp5pnlre/include' '-mtune=generic' '-march=x86-64' '-dumpdir' 'CMakeFiles/cmTC_fc197.dir/'
 as -v -I /opt/scorec/spack/rhel9/v0201_4/install/linux-rhel9-x86_64/gcc-12.3.0/mpich-4.1.1-xpoyz4tqgfxtrm6m7qq67q4ccp5pnlre/include --64 -o CMakeFiles/cmTC_fc197.dir/CMakeCCompilerABI.c.o /tmp/ccGqWFXy.s
GNU assembler version 2.35.2 (x86_64-redhat-linux) using BFD version version 2.35.2-43.el9
COMPILER_PATH=/opt/scorec/spack/rhel9/v0201_4/install/linux-rhel9-x86_64/gcc-7.4.0/gcc-12.3.0-iil3lnovyknyxf7pec36wljem3fntjd5/libexec/gcc/x86_64-pc-linux-gnu/12.3.0/:/opt/scorec/spack/rhel9/v0201_4/install/linux-rhel9-x86_64/gcc-7.4.0/gcc-12.3.0-iil3lnovyknyxf7pec36wljem3fntjd5/libexec/gcc/x86_64-pc-linux-gnu/12.3.0/:/opt/scorec/spack/rhel9/v0201_4/install/linux-rhel9-x86_64/gcc-7.4.0/gcc-12.3.0-iil3lnovyknyxf7pec36wljem3fntjd5/libexec/gcc/x86_64-pc-linux-gnu/:/opt/scorec/spack/rhel9/v0201_4/install/linux-rhel9-x86_64/gcc-7.4.0/gcc-12.3.0-iil3lnovyknyxf7pec36wljem3fntjd5/lib/gcc/x86_64-pc-linux-gnu/12.3.0/:/opt/scorec/spack/rhel9/v0201_4/install/linux-rhel9-x86_64/gcc-7.4.0/gcc-12.3.0-iil3lnovyknyxf7pec36wljem3fntjd5/lib/gcc/x86_64-pc-linux-gnu/
LIBRARY_PATH=/opt/scorec/spack/rhel9/v0201_4/install/linux-rhel9-x86_64/gcc-7.4.0/gcc-12.3.0-iil3lnovyknyxf7pec36wljem3fntjd5/lib/gcc/x86_64-pc-linux-gnu/12.3.0/:/opt/scorec/spack/rhel9/v0201_4/install/linux-rhel9-x86_64/gcc-7.4.0/gcc-12.3.0-iil3lnovyknyxf7pec36wljem3fntjd5/lib/gcc/x86_64-pc-linux-gnu/12.3.0/../../../../lib64/:/lib/../lib64/:/usr/lib/../lib64/:/opt/scorec/spack/rhel9/v0201_4/install/linux-rhel9-x86_64/gcc-7.4.0/gcc-12.3.0-iil3lnovyknyxf7pec36wljem3fntjd5/lib/gcc/x86_64-pc-linux-gnu/12.3.0/../../../:/lib/:/usr/lib/
COLLECT_GCC_OPTIONS='-v' '-o' 'CMakeFiles/cmTC_fc197.dir/CMakeCCompilerABI.c.o' '-c' '-I' '/opt/scorec/spack/rhel9/v0201_4/install/linux-rhel9-x86_64/gcc-12.3.0/mpich-4.1.1-xpoyz4tqgfxtrm6m7qq67q4ccp5pnlre/include' '-mtune=generic' '-march=x86-64' '-dumpdir' 'CMakeFiles/cmTC_fc197.dir/CMakeCCompilerABI.c.'
Linking C executable cmTC_fc197
/opt/scorec/cmake/3.20.0/bin/cmake -E cmake_link_script CMakeFiles/cmTC_fc197.dir/link.txt --verbose=1
/opt/scorec/spack/rhel9/v0201_4/install/linux-rhel9-x86_64/gcc-12.3.0/mpich-4.1.1-xpoyz4tqgfxtrm6m7qq67q4ccp5pnlre/bin/mpicc  -v -rdynamic CMakeFiles/cmTC_fc197.dir/CMakeCCompilerABI.c.o -o cmTC_fc197 
mpicc for MPICH version 4.1.1
Reading specs from /opt/scorec/spack/rhel9/v0201_4/install/linux-rhel9-x86_64/gcc-7.4.0/gcc-12.3.0-iil3lnovyknyxf7pec36wljem3fntjd5/lib/gcc/x86_64-pc-linux-gnu/12.3.0/specs
COLLECT_GCC=/opt/scorec/spack/rhel9/v0201_4/install/linux-rhel9-x86_64/gcc-7.4.0/gcc-12.3.0-iil3lnovyknyxf7pec36wljem3fntjd5/bin/gcc
COLLECT_LTO_WRAPPER=/opt/scorec/spack/rhel9/v0201_4/install/linux-rhel9-x86_64/gcc-7.4.0/gcc-12.3.0-iil3lnovyknyxf7pec36wljem3fntjd5/libexec/gcc/x86_64-pc-linux-gnu/12.3.0/lto-wrapper
Target: x86_64-pc-linux-gnu
Configured with: /space/cwsmith/spack/rhel9/v0201_4/build_stage/spack-stage-gcc-12.3.0-iil3lnovyknyxf7pec36wljem3fntjd5/spack-src/configure --prefix=/opt/scorec/spack/rhel9/v0201_4/install/linux-rhel9-x86_64/gcc-7.4.0/gcc-12.3.0-iil3lnovyknyxf7pec36wljem3fntjd5 --with-pkgversion='Spack GCC' --with-bugurl=https://github.com/spack/spack/issues --disable-multilib --enable-languages=c,c++,fortran --disable-nls --disable-canonical-system-headers --with-system-zlib --with-zstd-include=/opt/scorec/spack/rhel9/v0201_4/install/linux-rhel9-x86_64/gcc-7.4.0/zstd-1.5.5-jmx6qld47fhvlvb2xedqe74savl55i6p/include --with-zstd-lib=/opt/scorec/spack/rhel9/v0201_4/install/linux-rhel9-x86_64/gcc-7.4.0/zstd-1.5.5-jmx6qld47fhvlvb2xedqe74savl55i6p/lib --enable-bootstrap --with-mpfr-include=/opt/scorec/spack/rhel9/v0201_4/install/linux-rhel9-x86_64/gcc-7.4.0/mpfr-4.2.0-kaio7oplmuqaasj2pkoq2srjqy7qpxs5/include --with-mpfr-lib=/opt/scorec/spack/rhel9/v0201_4/install/linux-rhel9-x86_64/gcc-7.4.0/mpfr-4.2.0-kaio7oplmuqaasj2pkoq2srjqy7qpxs5/lib --with-gmp-include=/opt/scorec/spack/rhel9/v0201_4/install/linux-rhel9-x86_64/gcc-7.4.0/gmp-6.2.1-iex45aklocne2fbvezxzzfsp2w7vdlmg/include --with-gmp-lib=/opt/scorec/spack/rhel9/v0201_4/install/linux-rhel9-x86_64/gcc-7.4.0/gmp-6.2.1-iex45aklocne2fbvezxzzfsp2w7vdlmg/lib --with-mpc-include=/opt/scorec/spack/rhel9/v0201_4/install/linux-rhel9-x86_64/gcc-7.4.0/mpc-1.3.1-5wptfliuspyqo5a4qypm7auvrx6gldh5/include --with-mpc-lib=/opt/scorec/spack/rhel9/v0201_4/install/linux-rhel9-x86_64/gcc-7.4.0/mpc-1.3.1-5wptfliuspyqo5a4qypm7auvrx6gldh5/lib --without-isl --with-stage1-ldflags='-Wl,-rpath,/opt/scorec/spack/rhel9/v0201_4/install/linux-rhel9-x86_64/gcc-7.4.0/gcc-12.3.0-iil3lnovyknyxf7pec36wljem3fntjd5/lib -Wl,-rpath,/opt/scorec/spack/rhel9/v0201_4/install/linux-rhel9-x86_64/gcc-7.4.0/gcc-12.3.0-iil3lnovyknyxf7pec36wljem3fntjd5/lib64 -Wl,-rpath,/opt/scorec/spack/rhel9/v0201_4/install/linux-rhel9-x86_64/gcc-7.4.0/gmp-6.2.1-iex45aklocne2fbvezxzzfsp2w7vdlmg/lib -Wl,-rpath,/opt/scorec/spack/rhel9/v0201_4/install/linux-rhel9-x86_64/gcc-7.4.0/mpc-1.3.1-5wptfliuspyqo5a4qypm7auvrx6gldh5/lib -Wl,-rpath,/opt/scorec/spack/rhel9/v0201_4/install/linux-rhel9-x86_64/gcc-7.4.0/mpfr-4.2.0-kaio7oplmuqaasj2pkoq2srjqy7qpxs5/lib -Wl,-rpath,/opt/scorec/spack/rhel9/v0201_4/install/linux-rhel9-x86_64/gcc-7.4.0/zlib-1.2.13-mvjz5oiydrl3oey4yh7fh6mvpp5jjsfd/lib -Wl,-rpath,/opt/scorec/spack/rhel9/v0201_4/install/linux-rhel9-x86_64/gcc-7.4.0/zstd-1.5.5-jmx6qld47fhvlvb2xedqe74savl55i6p/lib' --with-boot-ldflags='-Wl,-rpath,/opt/scorec/spack/rhel9/v0201_4/install/linux-rhel9-x86_64/gcc-7.4.0/gcc-12.3.0-iil3lnovyknyxf7pec36wljem3fntjd5/lib -Wl,-rpath,/opt/scorec/spack/rhel9/v0201_4/install/linux-rhel9-x86_64/gcc-7.4.0/gcc-12.3.0-iil3lnovyknyxf7pec36wljem3fntjd5/lib64 -Wl,-rpath,/opt/scorec/spack/rhel9/v0201_4/install/linux-rhel9-x86_64/gcc-7.4.0/gmp-6.2.1-iex45aklocne2fbvezxzzfsp2w7vdlmg/lib -Wl,-rpath,/opt/scorec/spack/rhel9/v0201_4/install/linux-rhel9-x86_64/gcc-7.4.0/mpc-1.3.1-5wptfliuspyqo5a4qypm7auvrx6gldh5/lib -Wl,-rpath,/opt/scorec/spack/rhel9/v0201_4/install/linux-rhel9-x86_64/gcc-7.4.0/mpfr-4.2.0-kaio7oplmuqaasj2pkoq2srjqy7qpxs5/lib -Wl,-rpath,/opt/scorec/spack/rhel9/v0201_4/install/linux-rhel9-x86_64/gcc-7.4.0/zlib-1.2.13-mvjz5oiydrl3oey4yh7fh6mvpp5jjsfd/lib -Wl,-rpath,/opt/scorec/spack/rhel9/v0201_4/install/linux-rhel9-x86_64/gcc-7.4.0/zstd-1.5.5-jmx6qld47fhvlvb2xedqe74savl55i6p/lib -static-libstdc++ -static-libgcc' --with-build-config=spack
Thread model: posix
Supported LTO compression algorithms: zlib zstd
gcc version 12.3.0 (Spack GCC) 
COMPILER_PATH=/opt/scorec/spack/rhel9/v0201_4/install/linux-rhel9-x86_64/gcc-7.4.0/gcc-12.3.0-iil3lnovyknyxf7pec36wljem3fntjd5/libexec/gcc/x86_64-pc-linux-gnu/12.3.0/:/opt/scorec/spack/rhel9/v0201_4/install/linux-rhel9-x86_64/gcc-7.4.0/gcc-12.3.0-iil3lnovyknyxf7pec36wljem3fntjd5/libexec/gcc/x86_64-pc-linux-gnu/12.3.0/:/opt/scorec/spack/rhel9/v0201_4/install/linux-rhel9-x86_64/gcc-7.4.0/gcc-12.3.0-iil3lnovyknyxf7pec36wljem3fntjd5/libexec/gcc/x86_64-pc-linux-gnu/:/opt/scorec/spack/rhel9/v0201_4/install/linux-rhel9-x86_64/gcc-7.4.0/gcc-12.3.0-iil3lnovyknyxf7pec36wljem3fntjd5/lib/gcc/x86_64-pc-linux-gnu/12.3.0/:/opt/scorec/spack/rhel9/v0201_4/install/linux-rhel9-x86_64/gcc-7.4.0/gcc-12.3.0-iil3lnovyknyxf7pec36wljem3fntjd5/lib/gcc/x86_64-pc-linux-gnu/
LIBRARY_PATH=/opt/scorec/spack/rhel9/v0201_4/install/linux-rhel9-x86_64/gcc-7.4.0/gcc-12.3.0-iil3lnovyknyxf7pec36wljem3fntjd5/lib/gcc/x86_64-pc-linux-gnu/12.3.0/:/opt/scorec/spack/rhel9/v0201_4/install/linux-rhel9-x86_64/gcc-7.4.0/gcc-12.3.0-iil3lnovyknyxf7pec36wljem3fntjd5/lib/gcc/x86_64-pc-linux-gnu/12.3.0/../../../../lib64/:/lib/../lib64/:/usr/lib/../lib64/:/opt/scorec/spack/rhel9/v0201_4/install/linux-rhel9-x86_64/gcc-7.4.0/gcc-12.3.0-iil3lnovyknyxf7pec36wljem3fntjd5/lib/gcc/x86_64-pc-linux-gnu/12.3.0/../../../:/lib/:/usr/lib/
COLLECT_GCC_OPTIONS='-v' '-rdynamic' '-o' 'cmTC_fc197' '-I' '/opt/scorec/spack/rhel9/v0201_4/install/linux-rhel9-x86_64/gcc-12.3.0/mpich-4.1.1-xpoyz4tqgfxtrm6m7qq67q4ccp5pnlre/include' '-L/opt/scorec/spack/rhel9/v0201_4/install/linux-rhel9-x86_64/gcc-12.3.0/mpich-4.1.1-xpoyz4tqgfxtrm6m7qq67q4ccp5pnlre/lib' '-mtune=generic' '-march=x86-64' '-dumpdir' 'cmTC_fc197.'
 /opt/scorec/spack/rhel9/v0201_4/install/linux-rhel9-x86_64/gcc-7.4.0/gcc-12.3.0-iil3lnovyknyxf7pec36wljem3fntjd5/libexec/gcc/x86_64-pc-linux-gnu/12.3.0/collect2 -plugin /opt/scorec/spack/rhel9/v0201_4/install/linux-rhel9-x86_64/gcc-7.4.0/gcc-12.3.0-iil3lnovyknyxf7pec36wljem3fntjd5/libexec/gcc/x86_64-pc-linux-gnu/12.3.0/liblto_plugin.so -plugin-opt=/opt/scorec/spack/rhel9/v0201_4/install/linux-rhel9-x86_64/gcc-7.4.0/gcc-12.3.0-iil3lnovyknyxf7pec36wljem3fntjd5/libexec/gcc/x86_64-pc-linux-gnu/12.3.0/lto-wrapper -plugin-opt=-fresolution=/tmp/ccMXrjaF.res -plugin-opt=-pass-through=-lgcc -plugin-opt=-pass-through=-lgcc_s -plugin-opt=-pass-through=-lc -plugin-opt=-pass-through=-lgcc -plugin-opt=-pass-through=-lgcc_s --eh-frame-hdr -m elf_x86_64 -export-dynamic -dynamic-linker /lib64/ld-linux-x86-64.so.2 -o cmTC_fc197 /lib/../lib64/crt1.o /lib/../lib64/crti.o /opt/scorec/spack/rhel9/v0201_4/install/linux-rhel9-x86_64/gcc-7.4.0/gcc-12.3.0-iil3lnovyknyxf7pec36wljem3fntjd5/lib/gcc/x86_64-pc-linux-gnu/12.3.0/crtbegin.o -L/opt/scorec/spack/rhel9/v0201_4/install/linux-rhel9-x86_64/gcc-12.3.0/mpich-4.1.1-xpoyz4tqgfxtrm6m7qq67q4ccp5pnlre/lib -rpath /opt/scorec/spack/rhel9/v0201_4/install/linux-rhel9-x86_64/gcc-7.4.0/gcc-12.3.0-iil3lnovyknyxf7pec36wljem3fntjd5/lib64 -L/opt/scorec/spack/rhel9/v0201_4/install/linux-rhel9-x86_64/gcc-7.4.0/gcc-12.3.0-iil3lnovyknyxf7pec36wljem3fntjd5/lib/gcc/x86_64-pc-linux-gnu/12.3.0 -L/opt/scorec/spack/rhel9/v0201_4/install/linux-rhel9-x86_64/gcc-7.4.0/gcc-12.3.0-iil3lnovyknyxf7pec36wljem3fntjd5/lib/gcc/x86_64-pc-linux-gnu/12.3.0/../../../../lib64 -L/lib/../lib64 -L/usr/lib/../lib64 -L/opt/scorec/spack/rhel9/v0201_4/install/linux-rhel9-x86_64/gcc-7.4.0/gcc-12.3.0-iil3lnovyknyxf7pec36wljem3fntjd5/lib/gcc/x86_64-pc-linux-gnu/12.3.0/../../.. CMakeFiles/cmTC_fc197.dir/CMakeCCompilerABI.c.o -rpath /opt/scorec/spack/rhel9/v0201_4/install/linux-rhel9-x86_64/gcc-12.3.0/mpich-4.1.1-xpoyz4tqgfxtrm6m7qq67q4ccp5pnlre/lib -lmpi -lgcc --push-state --as-needed -lgcc_s --pop-state -lc -lgcc --push-state --as-needed -lgcc_s --pop-state /opt/scorec/spack/rhel9/v0201_4/install/linux-rhel9-x86_64/gcc-7.4.0/gcc-12.3.0-iil3lnovyknyxf7pec36wljem3fntjd5/lib/gcc/x86_64-pc-linux-gnu/12.3.0/crtend.o /lib/../lib64/crtn.o
COLLECT_GCC_OPTIONS='-v' '-rdynamic' '-o' 'cmTC_fc197' '-I' '/opt/scorec/spack/rhel9/v0201_4/install/linux-rhel9-x86_64/gcc-12.3.0/mpich-4.1.1-xpoyz4tqgfxtrm6m7qq67q4ccp5pnlre/include' '-L/opt/scorec/spack/rhel9/v0201_4/install/linux-rhel9-x86_64/gcc-12.3.0/mpich-4.1.1-xpoyz4tqgfxtrm6m7qq67q4ccp5pnlre/lib' '-mtune=generic' '-march=x86-64' '-dumpdir' 'cmTC_fc197.'
gmake[1]: Leaving directory '/lore/paudea/misc/RBFinterpolation/MLS-rbf-based-Interpolation/build/CMakeFiles/CMakeTmp'



Parsed C implicit include dir info from above output: rv=done
  found start of include info
  found start of implicit include info
    add: [/opt/scorec/spack/rhel9/v0201_4/install/linux-rhel9-x86_64/gcc-12.3.0/mpich-4.1.1-xpoyz4tqgfxtrm6m7qq67q4ccp5pnlre/include]
    add: [/opt/scorec/spack/rhel9/v0201_4/install/linux-rhel9-x86_64/gcc-7.4.0/gcc-12.3.0-iil3lnovyknyxf7pec36wljem3fntjd5/lib/gcc/x86_64-pc-linux-gnu/12.3.0/include]
    add: [/usr/local/include]
    add: [/opt/scorec/spack/rhel9/v0201_4/install/linux-rhel9-x86_64/gcc-7.4.0/gcc-12.3.0-iil3lnovyknyxf7pec36wljem3fntjd5/include]
    add: [/opt/scorec/spack/rhel9/v0201_4/install/linux-rhel9-x86_64/gcc-7.4.0/gcc-12.3.0-iil3lnovyknyxf7pec36wljem3fntjd5/lib/gcc/x86_64-pc-linux-gnu/12.3.0/include-fixed]
    add: [/usr/include]
  end of search list found
  collapse include dir [/opt/scorec/spack/rhel9/v0201_4/install/linux-rhel9-x86_64/gcc-12.3.0/mpich-4.1.1-xpoyz4tqgfxtrm6m7qq67q4ccp5pnlre/include] ==> [/opt/scorec/spack/rhel9/v0201_4/install/linux-rhel9-x86_64/gcc-12.3.0/mpich-4.1.1-xpoyz4tqgfxtrm6m7qq67q4ccp5pnlre/include]
  collapse include dir [/opt/scorec/spack/rhel9/v0201_4/install/linux-rhel9-x86_64/gcc-7.4.0/gcc-12.3.0-iil3lnovyknyxf7pec36wljem3fntjd5/lib/gcc/x86_64-pc-linux-gnu/12.3.0/include] ==> [/opt/scorec/spack/rhel9/v0201_4/install/linux-rhel9-x86_64/gcc-7.4.0/gcc-12.3.0-iil3lnovyknyxf7pec36wljem3fntjd5/lib/gcc/x86_64-pc-linux-gnu/12.3.0/include]
  collapse include dir [/usr/local/include] ==> [/usr/local/include]
  collapse include dir [/opt/scorec/spack/rhel9/v0201_4/install/linux-rhel9-x86_64/gcc-7.4.0/gcc-12.3.0-iil3lnovyknyxf7pec36wljem3fntjd5/include] ==> [/opt/scorec/spack/rhel9/v0201_4/install/linux-rhel9-x86_64/gcc-7.4.0/gcc-12.3.0-iil3lnovyknyxf7pec36wljem3fntjd5/include]
  collapse include dir [/opt/scorec/spack/rhel9/v0201_4/install/linux-rhel9-x86_64/gcc-7.4.0/gcc-12.3.0-iil3lnovyknyxf7pec36wljem3fntjd5/lib/gcc/x86_64-pc-linux-gnu/12.3.0/include-fixed] ==> [/opt/scorec/spack/rhel9/v0201_4/install/linux-rhel9-x86_64/gcc-7.4.0/gcc-12.3.0-iil3lnovyknyxf7pec36wljem3fntjd5/lib/gcc/x86_64-pc-linux-gnu/12.3.0/include-fixed]
  collapse include dir [/usr/include] ==> [/usr/include]
  implicit include dirs: [/opt/scorec/spack/rhel9/v0201_4/install/linux-rhel9-x86_64/gcc-12.3.0/mpich-4.1.1-xpoyz4tqgfxtrm6m7qq67q4ccp5pnlre/include;/opt/scorec/spack/rhel9/v0201_4/install/linux-rhel9-x86_64/gcc-7.4.0/gcc-12.3.0-iil3lnovyknyxf7pec36wljem3fntjd5/lib/gcc/x86_64-pc-linux-gnu/12.3.0/include;/usr/local/include;/opt/scorec/spack/rhel9/v0201_4/install/linux-rhel9-x86_64/gcc-7.4.0/gcc-12.3.0-iil3lnovyknyxf7pec36wljem3fntjd5/include;/opt/scorec/spack/rhel9/v0201_4/install/linux-rhel9-x86_64/gcc-7.4.0/gcc-12.3.0-iil3lnovyknyxf7pec36wljem3fntjd5/lib/gcc/x86_64-pc-linux-gnu/12.3.0/include-fixed;/usr/include]


Parsed C implicit link information from above output:
  link line regex: [^( *|.*[/\])(ld|CMAKE_LINK_STARTFILE-NOTFOUND|([^/\]+-)?ld|collect2)[^/\]*( |$)]
  ignore line: [Change Dir: /lore/paudea/misc/RBFinterpolation/MLS-rbf-based-Interpolation/build/CMakeFiles/CMakeTmp]
  ignore line: []
  ignore line: [Run Build Command(s):/usr/bin/gmake -f Makefile cmTC_fc197/fast && /usr/bin/gmake  -f CMakeFiles/cmTC_fc197.dir/build.make CMakeFiles/cmTC_fc197.dir/build]
  ignore line: [gmake[1]: Entering directory '/lore/paudea/misc/RBFinterpolation/MLS-rbf-based-Interpolation/build/CMakeFiles/CMakeTmp']
  ignore line: [Building C object CMakeFiles/cmTC_fc197.dir/CMakeCCompilerABI.c.o]
  ignore line: [/opt/scorec/spack/rhel9/v0201_4/install/linux-rhel9-x86_64/gcc-12.3.0/mpich-4.1.1-xpoyz4tqgfxtrm6m7qq67q4ccp5pnlre/bin/mpicc   -v -o CMakeFiles/cmTC_fc197.dir/CMakeCCompilerABI.c.o -c /opt/scorec/cmake/3.20.0/share/cmake-3.20/Modules/CMakeCCompilerABI.c]
  ignore line: [mpicc for MPICH version 4.1.1]
  ignore line: [Reading specs from /opt/scorec/spack/rhel9/v0201_4/install/linux-rhel9-x86_64/gcc-7.4.0/gcc-12.3.0-iil3lnovyknyxf7pec36wljem3fntjd5/lib/gcc/x86_64-pc-linux-gnu/12.3.0/specs]
  ignore line: [COLLECT_GCC=/opt/scorec/spack/rhel9/v0201_4/install/linux-rhel9-x86_64/gcc-7.4.0/gcc-12.3.0-iil3lnovyknyxf7pec36wljem3fntjd5/bin/gcc]
  ignore line: [Target: x86_64-pc-linux-gnu]
  ignore line: [Configured with: /space/cwsmith/spack/rhel9/v0201_4/build_stage/spack-stage-gcc-12.3.0-iil3lnovyknyxf7pec36wljem3fntjd5/spack-src/configure --prefix=/opt/scorec/spack/rhel9/v0201_4/install/linux-rhel9-x86_64/gcc-7.4.0/gcc-12.3.0-iil3lnovyknyxf7pec36wljem3fntjd5 --with-pkgversion='Spack GCC' --with-bugurl=https://github.com/spack/spack/issues --disable-multilib --enable-languages=c c++ fortran --disable-nls --disable-canonical-system-headers --with-system-zlib --with-zstd-include=/opt/scorec/spack/rhel9/v0201_4/install/linux-rhel9-x86_64/gcc-7.4.0/zstd-1.5.5-jmx6qld47fhvlvb2xedqe74savl55i6p/include --with-zstd-lib=/opt/scorec/spack/rhel9/v0201_4/install/linux-rhel9-x86_64/gcc-7.4.0/zstd-1.5.5-jmx6qld47fhvlvb2xedqe74savl55i6p/lib --enable-bootstrap --with-mpfr-include=/opt/scorec/spack/rhel9/v0201_4/install/linux-rhel9-x86_64/gcc-7.4.0/mpfr-4.2.0-kaio7oplmuqaasj2pkoq2srjqy7qpxs5/include --with-mpfr-lib=/opt/scorec/spack/rhel9/v0201_4/install/linux-rhel9-x86_64/gcc-7.4.0/mpfr-4.2.0-kaio7oplmuqaasj2pkoq2srjqy7qpxs5/lib --with-gmp-include=/opt/scorec/spack/rhel9/v0201_4/install/linux-rhel9-x86_64/gcc-7.4.0/gmp-6.2.1-iex45aklocne2fbvezxzzfsp2w7vdlmg/include --with-gmp-lib=/opt/scorec/spack/rhel9/v0201_4/install/linux-rhel9-x86_64/gcc-7.4.0/gmp-6.2.1-iex45aklocne2fbvezxzzfsp2w7vdlmg/lib --with-mpc-include=/opt/scorec/spack/rhel9/v0201_4/install/linux-rhel9-x86_64/gcc-7.4.0/mpc-1.3.1-5wptfliuspyqo5a4qypm7auvrx6gldh5/include --with-mpc-lib=/opt/scorec/spack/rhel9/v0201_4/install/linux-rhel9-x86_64/gcc-7.4.0/mpc-1.3.1-5wptfliuspyqo5a4qypm7auvrx6gldh5/lib --without-isl --with-stage1-ldflags='-Wl -rpath /opt/scorec/spack/rhel9/v0201_4/install/linux-rhel9-x86_64/gcc-7.4.0/gcc-12.3.0-iil3lnovyknyxf7pec36wljem3fntjd5/lib -Wl -rpath /opt/scorec/spack/rhel9/v0201_4/install/linux-rhel9-x86_64/gcc-7.4.0/gcc-12.3.0-iil3lnovyknyxf7pec36wljem3fntjd5/lib64 -Wl -rpath /opt/scorec/spack/rhel9/v0201_4/install/linux-rhel9-x86_64/gcc-7.4.0/gmp-6.2.1-iex45aklocne2fbvezxzzfsp2w7vdlmg/lib -Wl -rpath /opt/scorec/spack/rhel9/v0201_4/install/linux-rhel9-x86_64/gcc-7.4.0/mpc-1.3.1-5wptfliuspyqo5a4qypm7auvrx6gldh5/lib -Wl -rpath /opt/scorec/spack/rhel9/v0201_4/install/linux-rhel9-x86_64/gcc-7.4.0/mpfr-4.2.0-kaio7oplmuqaasj2pkoq2srjqy7qpxs5/lib -Wl -rpath /opt/scorec/spack/rhel9/v0201_4/install/linux-rhel9-x86_64/gcc-7.4.0/zlib-1.2.13-mvjz5oiydrl3oey4yh7fh6mvpp5jjsfd/lib -Wl -rpath /opt/scorec/spack/rhel9/v0201_4/install/linux-rhel9-x86_64/gcc-7.4.0/zstd-1.5.5-jmx6qld47fhvlvb2xedqe74savl55i6p/lib' --with-boot-ldflags='-Wl -rpath /opt/scorec/spack/rhel9/v0201_4/install/linux-rhel9-x86_64/gcc-7.4.0/gcc-12.3.0-iil3lnovyknyxf7pec36wljem3fntjd5/lib -Wl -rpath /opt/scorec/spack/rhel9/v0201_4/install/linux-rhel9-x86_64/gcc-7.4.0/gcc-12.3.0-iil3lnovyknyxf7pec36wljem3fntjd5/lib64 -Wl -rpath /opt/scorec/spack/rhel9/v0201_4/install/linux-rhel9-x86_64/gcc-7.4.0/gmp-6.2.1-iex45aklocne2fbvezxzzfsp2w7vdlmg/lib -Wl -rpath /opt/scorec/spack/rhel9/v0201_4/install/linux-rhel9-x86_64/gcc-7.4.0/mpc-1.3.1-5wptfliuspyqo5a4qypm7auvrx6gldh5/lib -Wl -rpath /opt/scorec/spack/rhel9/v0201_4/install/linux-rhel9-x86_64/gcc-7.4.0/mpfr-4.2.0-kaio7oplmuqaasj2pkoq2srjqy7qpxs5/lib -Wl -rpath /opt/scorec/spack/rhel9/v0201_4/install/linux-rhel9-x86_64/gcc-7.4.0/zlib-1.2.13-mvjz5oiydrl3oey4yh7fh6mvpp5jjsfd/lib -Wl -rpath /opt/scorec/spack/rhel9/v0201_4/install/linux-rhel9-x86_64/gcc-7.4.0/zstd-1.5.5-jmx6qld47fhvlvb2xedqe74savl55i6p/lib -static-libstdc++ -static-libgcc' --with-build-config=spack]
  ignore line: [Thread model: posix]
  ignore line: [Supported LTO compression algorithms: zlib zstd]
  ignore line: [gcc version 12.3.0 (Spack GCC) ]
  ignore line: [COLLECT_GCC_OPTIONS='-v' '-o' 'CMakeFiles/cmTC_fc197.dir/CMakeCCompilerABI.c.o' '-c' '-I' '/opt/scorec/spack/rhel9/v0201_4/install/linux-rhel9-x86_64/gcc-12.3.0/mpich-4.1.1-xpoyz4tqgfxtrm6m7qq67q4ccp5pnlre/include' '-mtune=generic' '-march=x86-64' '-dumpdir' 'CMakeFiles/cmTC_fc197.dir/']
  ignore line: [ /opt/scorec/spack/rhel9/v0201_4/install/linux-rhel9-x86_64/gcc-7.4.0/gcc-12.3.0-iil3lnovyknyxf7pec36wljem3fntjd5/libexec/gcc/x86_64-pc-linux-gnu/12.3.0/cc1 -quiet -v -I /opt/scorec/spack/rhel9/v0201_4/install/linux-rhel9-x86_64/gcc-12.3.0/mpich-4.1.1-xpoyz4tqgfxtrm6m7qq67q4ccp5pnlre/include /opt/scorec/cmake/3.20.0/share/cmake-3.20/Modules/CMakeCCompilerABI.c -quiet -dumpdir CMakeFiles/cmTC_fc197.dir/ -dumpbase CMakeCCompilerABI.c.c -dumpbase-ext .c -mtune=generic -march=x86-64 -version -o /tmp/ccGqWFXy.s]
  ignore line: [GNU C17 (Spack GCC) version 12.3.0 (x86_64-pc-linux-gnu)]
  ignore line: [	compiled by GNU C version 12.3.0  GMP version 6.2.1  MPFR version 4.2.0  MPC version 1.3.1  isl version none]
  ignore line: [GGC heuristics: --param ggc-min-expand=100 --param ggc-min-heapsize=131072]
  ignore line: [ignoring nonexistent directory "/opt/scorec/spack/rhel9/v0201_4/install/linux-rhel9-x86_64/gcc-7.4.0/gcc-12.3.0-iil3lnovyknyxf7pec36wljem3fntjd5/lib/gcc/x86_64-pc-linux-gnu/12.3.0/../../../../x86_64-pc-linux-gnu/include"]
  ignore line: [#include "..." search starts here:]
  ignore line: [#include <...> search starts here:]
  ignore line: [ /opt/scorec/spack/rhel9/v0201_4/install/linux-rhel9-x86_64/gcc-12.3.0/mpich-4.1.1-xpoyz4tqgfxtrm6m7qq67q4ccp5pnlre/include]
  ignore line: [ /opt/scorec/spack/rhel9/v0201_4/install/linux-rhel9-x86_64/gcc-7.4.0/gcc-12.3.0-iil3lnovyknyxf7pec36wljem3fntjd5/lib/gcc/x86_64-pc-linux-gnu/12.3.0/include]
  ignore line: [ /usr/local/include]
  ignore line: [ /opt/scorec/spack/rhel9/v0201_4/install/linux-rhel9-x86_64/gcc-7.4.0/gcc-12.3.0-iil3lnovyknyxf7pec36wljem3fntjd5/include]
  ignore line: [ /opt/scorec/spack/rhel9/v0201_4/install/linux-rhel9-x86_64/gcc-7.4.0/gcc-12.3.0-iil3lnovyknyxf7pec36wljem3fntjd5/lib/gcc/x86_64-pc-linux-gnu/12.3.0/include-fixed]
  ignore line: [ /usr/include]
  ignore line: [End of search list.]
  ignore line: [GNU C17 (Spack GCC) version 12.3.0 (x86_64-pc-linux-gnu)]
  ignore line: [	compiled by GNU C version 12.3.0  GMP version 6.2.1  MPFR version 4.2.0  MPC version 1.3.1  isl version none]
  ignore line: [GGC heuristics: --param ggc-min-expand=100 --param ggc-min-heapsize=131072]
  ignore line: [Compiler executable checksum: 1c3deb0dc2327afeed511de1342164da]
  ignore line: [COLLECT_GCC_OPTIONS='-v' '-o' 'CMakeFiles/cmTC_fc197.dir/CMakeCCompilerABI.c.o' '-c' '-I' '/opt/scorec/spack/rhel9/v0201_4/install/linux-rhel9-x86_64/gcc-12.3.0/mpich-4.1.1-xpoyz4tqgfxtrm6m7qq67q4ccp5pnlre/include' '-mtune=generic' '-march=x86-64' '-dumpdir' 'CMakeFiles/cmTC_fc197.dir/']
  ignore line: [ as -v -I /opt/scorec/spack/rhel9/v0201_4/install/linux-rhel9-x86_64/gcc-12.3.0/mpich-4.1.1-xpoyz4tqgfxtrm6m7qq67q4ccp5pnlre/include --64 -o CMakeFiles/cmTC_fc197.dir/CMakeCCompilerABI.c.o /tmp/ccGqWFXy.s]
  ignore line: [GNU assembler version 2.35.2 (x86_64-redhat-linux) using BFD version version 2.35.2-43.el9]
  ignore line: [COMPILER_PATH=/opt/scorec/spack/rhel9/v0201_4/install/linux-rhel9-x86_64/gcc-7.4.0/gcc-12.3.0-iil3lnovyknyxf7pec36wljem3fntjd5/libexec/gcc/x86_64-pc-linux-gnu/12.3.0/:/opt/scorec/spack/rhel9/v0201_4/install/linux-rhel9-x86_64/gcc-7.4.0/gcc-12.3.0-iil3lnovyknyxf7pec36wljem3fntjd5/libexec/gcc/x86_64-pc-linux-gnu/12.3.0/:/opt/scorec/spack/rhel9/v0201_4/install/linux-rhel9-x86_64/gcc-7.4.0/gcc-12.3.0-iil3lnovyknyxf7pec36wljem3fntjd5/libexec/gcc/x86_64-pc-linux-gnu/:/opt/scorec/spack/rhel9/v0201_4/install/linux-rhel9-x86_64/gcc-7.4.0/gcc-12.3.0-iil3lnovyknyxf7pec36wljem3fntjd5/lib/gcc/x86_64-pc-linux-gnu/12.3.0/:/opt/scorec/spack/rhel9/v0201_4/install/linux-rhel9-x86_64/gcc-7.4.0/gcc-12.3.0-iil3lnovyknyxf7pec36wljem3fntjd5/lib/gcc/x86_64-pc-linux-gnu/]
  ignore line: [LIBRARY_PATH=/opt/scorec/spack/rhel9/v0201_4/install/linux-rhel9-x86_64/gcc-7.4.0/gcc-12.3.0-iil3lnovyknyxf7pec36wljem3fntjd5/lib/gcc/x86_64-pc-linux-gnu/12.3.0/:/opt/scorec/spack/rhel9/v0201_4/install/linux-rhel9-x86_64/gcc-7.4.0/gcc-12.3.0-iil3lnovyknyxf7pec36wljem3fntjd5/lib/gcc/x86_64-pc-linux-gnu/12.3.0/../../../../lib64/:/lib/../lib64/:/usr/lib/../lib64/:/opt/scorec/spack/rhel9/v0201_4/install/linux-rhel9-x86_64/gcc-7.4.0/gcc-12.3.0-iil3lnovyknyxf7pec36wljem3fntjd5/lib/gcc/x86_64-pc-linux-gnu/12.3.0/../../../:/lib/:/usr/lib/]
  ignore line: [COLLECT_GCC_OPTIONS='-v' '-o' 'CMakeFiles/cmTC_fc197.dir/CMakeCCompilerABI.c.o' '-c' '-I' '/opt/scorec/spack/rhel9/v0201_4/install/linux-rhel9-x86_64/gcc-12.3.0/mpich-4.1.1-xpoyz4tqgfxtrm6m7qq67q4ccp5pnlre/include' '-mtune=generic' '-march=x86-64' '-dumpdir' 'CMakeFiles/cmTC_fc197.dir/CMakeCCompilerABI.c.']
  ignore line: [Linking C executable cmTC_fc197]
  ignore line: [/opt/scorec/cmake/3.20.0/bin/cmake -E cmake_link_script CMakeFiles/cmTC_fc197.dir/link.txt --verbose=1]
  ignore line: [/opt/scorec/spack/rhel9/v0201_4/install/linux-rhel9-x86_64/gcc-12.3.0/mpich-4.1.1-xpoyz4tqgfxtrm6m7qq67q4ccp5pnlre/bin/mpicc  -v -rdynamic CMakeFiles/cmTC_fc197.dir/CMakeCCompilerABI.c.o -o cmTC_fc197 ]
  ignore line: [mpicc for MPICH version 4.1.1]
  ignore line: [Reading specs from /opt/scorec/spack/rhel9/v0201_4/install/linux-rhel9-x86_64/gcc-7.4.0/gcc-12.3.0-iil3lnovyknyxf7pec36wljem3fntjd5/lib/gcc/x86_64-pc-linux-gnu/12.3.0/specs]
  ignore line: [COLLECT_GCC=/opt/scorec/spack/rhel9/v0201_4/install/linux-rhel9-x86_64/gcc-7.4.0/gcc-12.3.0-iil3lnovyknyxf7pec36wljem3fntjd5/bin/gcc]
  ignore line: [COLLECT_LTO_WRAPPER=/opt/scorec/spack/rhel9/v0201_4/install/linux-rhel9-x86_64/gcc-7.4.0/gcc-12.3.0-iil3lnovyknyxf7pec36wljem3fntjd5/libexec/gcc/x86_64-pc-linux-gnu/12.3.0/lto-wrapper]
  ignore line: [Target: x86_64-pc-linux-gnu]
  ignore line: [Configured with: /space/cwsmith/spack/rhel9/v0201_4/build_stage/spack-stage-gcc-12.3.0-iil3lnovyknyxf7pec36wljem3fntjd5/spack-src/configure --prefix=/opt/scorec/spack/rhel9/v0201_4/install/linux-rhel9-x86_64/gcc-7.4.0/gcc-12.3.0-iil3lnovyknyxf7pec36wljem3fntjd5 --with-pkgversion='Spack GCC' --with-bugurl=https://github.com/spack/spack/issues --disable-multilib --enable-languages=c c++ fortran --disable-nls --disable-canonical-system-headers --with-system-zlib --with-zstd-include=/opt/scorec/spack/rhel9/v0201_4/install/linux-rhel9-x86_64/gcc-7.4.0/zstd-1.5.5-jmx6qld47fhvlvb2xedqe74savl55i6p/include --with-zstd-lib=/opt/scorec/spack/rhel9/v0201_4/install/linux-rhel9-x86_64/gcc-7.4.0/zstd-1.5.5-jmx6qld47fhvlvb2xedqe74savl55i6p/lib --enable-bootstrap --with-mpfr-include=/opt/scorec/spack/rhel9/v0201_4/install/linux-rhel9-x86_64/gcc-7.4.0/mpfr-4.2.0-kaio7oplmuqaasj2pkoq2srjqy7qpxs5/include --with-mpfr-lib=/opt/scorec/spack/rhel9/v0201_4/install/linux-rhel9-x86_64/gcc-7.4.0/mpfr-4.2.0-kaio7oplmuqaasj2pkoq2srjqy7qpxs5/lib --with-gmp-include=/opt/scorec/spack/rhel9/v0201_4/install/linux-rhel9-x86_64/gcc-7.4.0/gmp-6.2.1-iex45aklocne2fbvezxzzfsp2w7vdlmg/include --with-gmp-lib=/opt/scorec/spack/rhel9/v0201_4/install/linux-rhel9-x86_64/gcc-7.4.0/gmp-6.2.1-iex45aklocne2fbvezxzzfsp2w7vdlmg/lib --with-mpc-include=/opt/scorec/spack/rhel9/v0201_4/install/linux-rhel9-x86_64/gcc-7.4.0/mpc-1.3.1-5wptfliuspyqo5a4qypm7auvrx6gldh5/include --with-mpc-lib=/opt/scorec/spack/rhel9/v0201_4/install/linux-rhel9-x86_64/gcc-7.4.0/mpc-1.3.1-5wptfliuspyqo5a4qypm7auvrx6gldh5/lib --without-isl --with-stage1-ldflags='-Wl -rpath /opt/scorec/spack/rhel9/v0201_4/install/linux-rhel9-x86_64/gcc-7.4.0/gcc-12.3.0-iil3lnovyknyxf7pec36wljem3fntjd5/lib -Wl -rpath /opt/scorec/spack/rhel9/v0201_4/install/linux-rhel9-x86_64/gcc-7.4.0/gcc-12.3.0-iil3lnovyknyxf7pec36wljem3fntjd5/lib64 -Wl -rpath /opt/scorec/spack/rhel9/v0201_4/install/linux-rhel9-x86_64/gcc-7.4.0/gmp-6.2.1-iex45aklocne2fbvezxzzfsp2w7vdlmg/lib -Wl -rpath /opt/scorec/spack/rhel9/v0201_4/install/linux-rhel9-x86_64/gcc-7.4.0/mpc-1.3.1-5wptfliuspyqo5a4qypm7auvrx6gldh5/lib -Wl -rpath /opt/scorec/spack/rhel9/v0201_4/install/linux-rhel9-x86_64/gcc-7.4.0/mpfr-4.2.0-kaio7oplmuqaasj2pkoq2srjqy7qpxs5/lib -Wl -rpath /opt/scorec/spack/rhel9/v0201_4/install/linux-rhel9-x86_64/gcc-7.4.0/zlib-1.2.13-mvjz5oiydrl3oey4yh7fh6mvpp5jjsfd/lib -Wl -rpath /opt/scorec/spack/rhel9/v0201_4/install/linux-rhel9-x86_64/gcc-7.4.0/zstd-1.5.5-jmx6qld47fhvlvb2xedqe74savl55i6p/lib' --with-boot-ldflags='-Wl -rpath /opt/scorec/spack/rhel9/v0201_4/install/linux-rhel9-x86_64/gcc-7.4.0/gcc-12.3.0-iil3lnovyknyxf7pec36wljem3fntjd5/lib -Wl -rpath /opt/scorec/spack/rhel9/v0201_4/install/linux-rhel9-x86_64/gcc-7.4.0/gcc-12.3.0-iil3lnovyknyxf7pec36wljem3fntjd5/lib64 -Wl -rpath /opt/scorec/spack/rhel9/v0201_4/install/linux-rhel9-x86_64/gcc-7.4.0/gmp-6.2.1-iex45aklocne2fbvezxzzfsp2w7vdlmg/lib -Wl -rpath /opt/scorec/spack/rhel9/v0201_4/install/linux-rhel9-x86_64/gcc-7.4.0/mpc-1.3.1-5wptfliuspyqo5a4qypm7auvrx6gldh5/lib -Wl -rpath /opt/scorec/spack/rhel9/v0201_4/install/linux-rhel9-x86_64/gcc-7.4.0/mpfr-4.2.0-kaio7oplmuqaasj2pkoq2srjqy7qpxs5/lib -Wl -rpath /opt/scorec/spack/rhel9/v0201_4/install/linux-rhel9-x86_64/gcc-7.4.0/zlib-1.2.13-mvjz5oiydrl3oey4yh7fh6mvpp5jjsfd/lib -Wl -rpath /opt/scorec/spack/rhel9/v0201_4/install/linux-rhel9-x86_64/gcc-7.4.0/zstd-1.5.5-jmx6qld47fhvlvb2xedqe74savl55i6p/lib -static-libstdc++ -static-libgcc' --with-build-config=spack]
  ignore line: [Thread model: posix]
  ignore line: [Supported LTO compression algorithms: zlib zstd]
  ignore line: [gcc version 12.3.0 (Spack GCC) ]
  ignore line: [COMPILER_PATH=/opt/scorec/spack/rhel9/v0201_4/install/linux-rhel9-x86_64/gcc-7.4.0/gcc-12.3.0-iil3lnovyknyxf7pec36wljem3fntjd5/libexec/gcc/x86_64-pc-linux-gnu/12.3.0/:/opt/scorec/spack/rhel9/v0201_4/install/linux-rhel9-x86_64/gcc-7.4.0/gcc-12.3.0-iil3lnovyknyxf7pec36wljem3fntjd5/libexec/gcc/x86_64-pc-linux-gnu/12.3.0/:/opt/scorec/spack/rhel9/v0201_4/install/linux-rhel9-x86_64/gcc-7.4.0/gcc-12.3.0-iil3lnovyknyxf7pec36wljem3fntjd5/libexec/gcc/x86_64-pc-linux-gnu/:/opt/scorec/spack/rhel9/v0201_4/install/linux-rhel9-x86_64/gcc-7.4.0/gcc-12.3.0-iil3lnovyknyxf7pec36wljem3fntjd5/lib/gcc/x86_64-pc-linux-gnu/12.3.0/:/opt/scorec/spack/rhel9/v0201_4/install/linux-rhel9-x86_64/gcc-7.4.0/gcc-12.3.0-iil3lnovyknyxf7pec36wljem3fntjd5/lib/gcc/x86_64-pc-linux-gnu/]
  ignore line: [LIBRARY_PATH=/opt/scorec/spack/rhel9/v0201_4/install/linux-rhel9-x86_64/gcc-7.4.0/gcc-12.3.0-iil3lnovyknyxf7pec36wljem3fntjd5/lib/gcc/x86_64-pc-linux-gnu/12.3.0/:/opt/scorec/spack/rhel9/v0201_4/install/linux-rhel9-x86_64/gcc-7.4.0/gcc-12.3.0-iil3lnovyknyxf7pec36wljem3fntjd5/lib/gcc/x86_64-pc-linux-gnu/12.3.0/../../../../lib64/:/lib/../lib64/:/usr/lib/../lib64/:/opt/scorec/spack/rhel9/v0201_4/install/linux-rhel9-x86_64/gcc-7.4.0/gcc-12.3.0-iil3lnovyknyxf7pec36wljem3fntjd5/lib/gcc/x86_64-pc-linux-gnu/12.3.0/../../../:/lib/:/usr/lib/]
  ignore line: [COLLECT_GCC_OPTIONS='-v' '-rdynamic' '-o' 'cmTC_fc197' '-I' '/opt/scorec/spack/rhel9/v0201_4/install/linux-rhel9-x86_64/gcc-12.3.0/mpich-4.1.1-xpoyz4tqgfxtrm6m7qq67q4ccp5pnlre/include' '-L/opt/scorec/spack/rhel9/v0201_4/install/linux-rhel9-x86_64/gcc-12.3.0/mpich-4.1.1-xpoyz4tqgfxtrm6m7qq67q4ccp5pnlre/lib' '-mtune=generic' '-march=x86-64' '-dumpdir' 'cmTC_fc197.']
  link line: [ /opt/scorec/spack/rhel9/v0201_4/install/linux-rhel9-x86_64/gcc-7.4.0/gcc-12.3.0-iil3lnovyknyxf7pec36wljem3fntjd5/libexec/gcc/x86_64-pc-linux-gnu/12.3.0/collect2 -plugin /opt/scorec/spack/rhel9/v0201_4/install/linux-rhel9-x86_64/gcc-7.4.0/gcc-12.3.0-iil3lnovyknyxf7pec36wljem3fntjd5/libexec/gcc/x86_64-pc-linux-gnu/12.3.0/liblto_plugin.so -plugin-opt=/opt/scorec/spack/rhel9/v0201_4/install/linux-rhel9-x86_64/gcc-7.4.0/gcc-12.3.0-iil3lnovyknyxf7pec36wljem3fntjd5/libexec/gcc/x86_64-pc-linux-gnu/12.3.0/lto-wrapper -plugin-opt=-fresolution=/tmp/ccMXrjaF.res -plugin-opt=-pass-through=-lgcc -plugin-opt=-pass-through=-lgcc_s -plugin-opt=-pass-through=-lc -plugin-opt=-pass-through=-lgcc -plugin-opt=-pass-through=-lgcc_s --eh-frame-hdr -m elf_x86_64 -export-dynamic -dynamic-linker /lib64/ld-linux-x86-64.so.2 -o cmTC_fc197 /lib/../lib64/crt1.o /lib/../lib64/crti.o /opt/scorec/spack/rhel9/v0201_4/install/linux-rhel9-x86_64/gcc-7.4.0/gcc-12.3.0-iil3lnovyknyxf7pec36wljem3fntjd5/lib/gcc/x86_64-pc-linux-gnu/12.3.0/crtbegin.o -L/opt/scorec/spack/rhel9/v0201_4/install/linux-rhel9-x86_64/gcc-12.3.0/mpich-4.1.1-xpoyz4tqgfxtrm6m7qq67q4ccp5pnlre/lib -rpath /opt/scorec/spack/rhel9/v0201_4/install/linux-rhel9-x86_64/gcc-7.4.0/gcc-12.3.0-iil3lnovyknyxf7pec36wljem3fntjd5/lib64 -L/opt/scorec/spack/rhel9/v0201_4/install/linux-rhel9-x86_64/gcc-7.4.0/gcc-12.3.0-iil3lnovyknyxf7pec36wljem3fntjd5/lib/gcc/x86_64-pc-linux-gnu/12.3.0 -L/opt/scorec/spack/rhel9/v0201_4/install/linux-rhel9-x86_64/gcc-7.4.0/gcc-12.3.0-iil3lnovyknyxf7pec36wljem3fntjd5/lib/gcc/x86_64-pc-linux-gnu/12.3.0/../../../../lib64 -L/lib/../lib64 -L/usr/lib/../lib64 -L/opt/scorec/spack/rhel9/v0201_4/install/linux-rhel9-x86_64/gcc-7.4.0/gcc-12.3.0-iil3lnovyknyxf7pec36wljem3fntjd5/lib/gcc/x86_64-pc-linux-gnu/12.3.0/../../.. CMakeFiles/cmTC_fc197.dir/CMakeCCompilerABI.c.o -rpath /opt/scorec/spack/rhel9/v0201_4/install/linux-rhel9-x86_64/gcc-12.3.0/mpich-4.1.1-xpoyz4tqgfxtrm6m7qq67q4ccp5pnlre/lib -lmpi -lgcc --push-state --as-needed -lgcc_s --pop-state -lc -lgcc --push-state --as-needed -lgcc_s --pop-state /opt/scorec/spack/rhel9/v0201_4/install/linux-rhel9-x86_64/gcc-7.4.0/gcc-12.3.0-iil3lnovyknyxf7pec36wljem3fntjd5/lib/gcc/x86_64-pc-linux-gnu/12.3.0/crtend.o /lib/../lib64/crtn.o]
    arg [/opt/scorec/spack/rhel9/v0201_4/install/linux-rhel9-x86_64/gcc-7.4.0/gcc-12.3.0-iil3lnovyknyxf7pec36wljem3fntjd5/libexec/gcc/x86_64-pc-linux-gnu/12.3.0/collect2] ==> ignore
    arg [-plugin] ==> ignore
    arg [/opt/scorec/spack/rhel9/v0201_4/install/linux-rhel9-x86_64/gcc-7.4.0/gcc-12.3.0-iil3lnovyknyxf7pec36wljem3fntjd5/libexec/gcc/x86_64-pc-linux-gnu/12.3.0/liblto_plugin.so] ==> ignore
    arg [-plugin-opt=/opt/scorec/spack/rhel9/v0201_4/install/linux-rhel9-x86_64/gcc-7.4.0/gcc-12.3.0-iil3lnovyknyxf7pec36wljem3fntjd5/libexec/gcc/x86_64-pc-linux-gnu/12.3.0/lto-wrapper] ==> ignore
    arg [-plugin-opt=-fresolution=/tmp/ccMXrjaF.res] ==> ignore
    arg [-plugin-opt=-pass-through=-lgcc] ==> ignore
    arg [-plugin-opt=-pass-through=-lgcc_s] ==> ignore
    arg [-plugin-opt=-pass-through=-lc] ==> ignore
    arg [-plugin-opt=-pass-through=-lgcc] ==> ignore
    arg [-plugin-opt=-pass-through=-lgcc_s] ==> ignore
    arg [--eh-frame-hdr] ==> ignore
    arg [-m] ==> ignore
    arg [elf_x86_64] ==> ignore
    arg [-export-dynamic] ==> ignore
    arg [-dynamic-linker] ==> ignore
    arg [/lib64/ld-linux-x86-64.so.2] ==> ignore
    arg [-o] ==> ignore
    arg [cmTC_fc197] ==> ignore
    arg [/lib/../lib64/crt1.o] ==> ignore
    arg [/lib/../lib64/crti.o] ==> ignore
    arg [/opt/scorec/spack/rhel9/v0201_4/install/linux-rhel9-x86_64/gcc-7.4.0/gcc-12.3.0-iil3lnovyknyxf7pec36wljem3fntjd5/lib/gcc/x86_64-pc-linux-gnu/12.3.0/crtbegin.o] ==> ignore
    arg [-L/opt/scorec/spack/rhel9/v0201_4/install/linux-rhel9-x86_64/gcc-12.3.0/mpich-4.1.1-xpoyz4tqgfxtrm6m7qq67q4ccp5pnlre/lib] ==> dir [/opt/scorec/spack/rhel9/v0201_4/install/linux-rhel9-x86_64/gcc-12.3.0/mpich-4.1.1-xpoyz4tqgfxtrm6m7qq67q4ccp5pnlre/lib]
    arg [-rpath] ==> ignore
    arg [/opt/scorec/spack/rhel9/v0201_4/install/linux-rhel9-x86_64/gcc-7.4.0/gcc-12.3.0-iil3lnovyknyxf7pec36wljem3fntjd5/lib64] ==> ignore
    arg [-L/opt/scorec/spack/rhel9/v0201_4/install/linux-rhel9-x86_64/gcc-7.4.0/gcc-12.3.0-iil3lnovyknyxf7pec36wljem3fntjd5/lib/gcc/x86_64-pc-linux-gnu/12.3.0] ==> dir [/opt/scorec/spack/rhel9/v0201_4/install/linux-rhel9-x86_64/gcc-7.4.0/gcc-12.3.0-iil3lnovyknyxf7pec36wljem3fntjd5/lib/gcc/x86_64-pc-linux-gnu/12.3.0]
    arg [-L/opt/scorec/spack/rhel9/v0201_4/install/linux-rhel9-x86_64/gcc-7.4.0/gcc-12.3.0-iil3lnovyknyxf7pec36wljem3fntjd5/lib/gcc/x86_64-pc-linux-gnu/12.3.0/../../../../lib64] ==> dir [/opt/scorec/spack/rhel9/v0201_4/install/linux-rhel9-x86_64/gcc-7.4.0/gcc-12.3.0-iil3lnovyknyxf7pec36wljem3fntjd5/lib/gcc/x86_64-pc-linux-gnu/12.3.0/../../../../lib64]
    arg [-L/lib/../lib64] ==> dir [/lib/../lib64]
    arg [-L/usr/lib/../lib64] ==> dir [/usr/lib/../lib64]
    arg [-L/opt/scorec/spack/rhel9/v0201_4/install/linux-rhel9-x86_64/gcc-7.4.0/gcc-12.3.0-iil3lnovyknyxf7pec36wljem3fntjd5/lib/gcc/x86_64-pc-linux-gnu/12.3.0/../../..] ==> dir [/opt/scorec/spack/rhel9/v0201_4/install/linux-rhel9-x86_64/gcc-7.4.0/gcc-12.3.0-iil3lnovyknyxf7pec36wljem3fntjd5/lib/gcc/x86_64-pc-linux-gnu/12.3.0/../../..]
    arg [CMakeFiles/cmTC_fc197.dir/CMakeCCompilerABI.c.o] ==> ignore
    arg [-rpath] ==> ignore
    arg [/opt/scorec/spack/rhel9/v0201_4/install/linux-rhel9-x86_64/gcc-12.3.0/mpich-4.1.1-xpoyz4tqgfxtrm6m7qq67q4ccp5pnlre/lib] ==> ignore
    arg [-lmpi] ==> lib [mpi]
    arg [-lgcc] ==> lib [gcc]
    arg [--push-state] ==> ignore
    arg [--as-needed] ==> ignore
    arg [-lgcc_s] ==> lib [gcc_s]
    arg [--pop-state] ==> ignore
    arg [-lc] ==> lib [c]
    arg [-lgcc] ==> lib [gcc]
    arg [--push-state] ==> ignore
    arg [--as-needed] ==> ignore
    arg [-lgcc_s] ==> lib [gcc_s]
    arg [--pop-state] ==> ignore
    arg [/opt/scorec/spack/rhel9/v0201_4/install/linux-rhel9-x86_64/gcc-7.4.0/gcc-12.3.0-iil3lnovyknyxf7pec36wljem3fntjd5/lib/gcc/x86_64-pc-linux-gnu/12.3.0/crtend.o] ==> ignore
    arg [/lib/../lib64/crtn.o] ==> ignore
  collapse library dir [/opt/scorec/spack/rhel9/v0201_4/install/linux-rhel9-x86_64/gcc-12.3.0/mpich-4.1.1-xpoyz4tqgfxtrm6m7qq67q4ccp5pnlre/lib] ==> [/opt/scorec/spack/rhel9/v0201_4/install/linux-rhel9-x86_64/gcc-12.3.0/mpich-4.1.1-xpoyz4tqgfxtrm6m7qq67q4ccp5pnlre/lib]
  collapse library dir [/opt/scorec/spack/rhel9/v0201_4/install/linux-rhel9-x86_64/gcc-7.4.0/gcc-12.3.0-iil3lnovyknyxf7pec36wljem3fntjd5/lib/gcc/x86_64-pc-linux-gnu/12.3.0] ==> [/opt/scorec/spack/rhel9/v0201_4/install/linux-rhel9-x86_64/gcc-7.4.0/gcc-12.3.0-iil3lnovyknyxf7pec36wljem3fntjd5/lib/gcc/x86_64-pc-linux-gnu/12.3.0]
  collapse library dir [/opt/scorec/spack/rhel9/v0201_4/install/linux-rhel9-x86_64/gcc-7.4.0/gcc-12.3.0-iil3lnovyknyxf7pec36wljem3fntjd5/lib/gcc/x86_64-pc-linux-gnu/12.3.0/../../../../lib64] ==> [/opt/scorec/spack/rhel9/v0201_4/install/linux-rhel9-x86_64/gcc-7.4.0/gcc-12.3.0-iil3lnovyknyxf7pec36wljem3fntjd5/lib64]
  collapse library dir [/lib/../lib64] ==> [/lib64]
  collapse library dir [/usr/lib/../lib64] ==> [/usr/lib64]
  collapse library dir [/opt/scorec/spack/rhel9/v0201_4/install/linux-rhel9-x86_64/gcc-7.4.0/gcc-12.3.0-iil3lnovyknyxf7pec36wljem3fntjd5/lib/gcc/x86_64-pc-linux-gnu/12.3.0/../../..] ==> [/opt/scorec/spack/rhel9/v0201_4/install/linux-rhel9-x86_64/gcc-7.4.0/gcc-12.3.0-iil3lnovyknyxf7pec36wljem3fntjd5/lib]
  implicit libs: [mpi;gcc;gcc_s;c;gcc;gcc_s]
  implicit dirs: [/opt/scorec/spack/rhel9/v0201_4/install/linux-rhel9-x86_64/gcc-12.3.0/mpich-4.1.1-xpoyz4tqgfxtrm6m7qq67q4ccp5pnlre/lib;/opt/scorec/spack/rhel9/v0201_4/install/linux-rhel9-x86_64/gcc-7.4.0/gcc-12.3.0-iil3lnovyknyxf7pec36wljem3fntjd5/lib/gcc/x86_64-pc-linux-gnu/12.3.0;/opt/scorec/spack/rhel9/v0201_4/install/linux-rhel9-x86_64/gcc-7.4.0/gcc-12.3.0-iil3lnovyknyxf7pec36wljem3fntjd5/lib64;/lib64;/usr/lib64;/opt/scorec/spack/rhel9/v0201_4/install/linux-rhel9-x86_64/gcc-7.4.0/gcc-12.3.0-iil3lnovyknyxf7pec36wljem3fntjd5/lib]
  implicit fwks: []


Detecting CXX compiler ABI info compiled with the following output:
Change Dir: /lore/paudea/misc/RBFinterpolation/MLS-rbf-based-Interpolation/build/CMakeFiles/CMakeTmp

Run Build Command(s):/usr/bin/gmake -f Makefile cmTC_a48d9/fast && /usr/bin/gmake  -f CMakeFiles/cmTC_a48d9.dir/build.make CMakeFiles/cmTC_a48d9.dir/build
gmake[1]: Entering directory '/lore/paudea/misc/RBFinterpolation/MLS-rbf-based-Interpolation/build/CMakeFiles/CMakeTmp'
Building CXX object CMakeFiles/cmTC_a48d9.dir/CMakeCXXCompilerABI.cpp.o
/opt/scorec/spack/rhel9/v0201_4/install/linux-rhel9-x86_64/gcc-12.3.0/mpich-4.1.1-xpoyz4tqgfxtrm6m7qq67q4ccp5pnlre/bin/mpicxx   -v -o CMakeFiles/cmTC_a48d9.dir/CMakeCXXCompilerABI.cpp.o -c /opt/scorec/cmake/3.20.0/share/cmake-3.20/Modules/CMakeCXXCompilerABI.cpp
mpicxx for MPICH version 4.1.1
Reading specs from /opt/scorec/spack/rhel9/v0201_4/install/linux-rhel9-x86_64/gcc-7.4.0/gcc-12.3.0-iil3lnovyknyxf7pec36wljem3fntjd5/lib/gcc/x86_64-pc-linux-gnu/12.3.0/specs
COLLECT_GCC=/opt/scorec/spack/rhel9/v0201_4/install/linux-rhel9-x86_64/gcc-7.4.0/gcc-12.3.0-iil3lnovyknyxf7pec36wljem3fntjd5/bin/g++
Target: x86_64-pc-linux-gnu
Configured with: /space/cwsmith/spack/rhel9/v0201_4/build_stage/spack-stage-gcc-12.3.0-iil3lnovyknyxf7pec36wljem3fntjd5/spack-src/configure --prefix=/opt/scorec/spack/rhel9/v0201_4/install/linux-rhel9-x86_64/gcc-7.4.0/gcc-12.3.0-iil3lnovyknyxf7pec36wljem3fntjd5 --with-pkgversion='Spack GCC' --with-bugurl=https://github.com/spack/spack/issues --disable-multilib --enable-languages=c,c++,fortran --disable-nls --disable-canonical-system-headers --with-system-zlib --with-zstd-include=/opt/scorec/spack/rhel9/v0201_4/install/linux-rhel9-x86_64/gcc-7.4.0/zstd-1.5.5-jmx6qld47fhvlvb2xedqe74savl55i6p/include --with-zstd-lib=/opt/scorec/spack/rhel9/v0201_4/install/linux-rhel9-x86_64/gcc-7.4.0/zstd-1.5.5-jmx6qld47fhvlvb2xedqe74savl55i6p/lib --enable-bootstrap --with-mpfr-include=/opt/scorec/spack/rhel9/v0201_4/install/linux-rhel9-x86_64/gcc-7.4.0/mpfr-4.2.0-kaio7oplmuqaasj2pkoq2srjqy7qpxs5/include --with-mpfr-lib=/opt/scorec/spack/rhel9/v0201_4/install/linux-rhel9-x86_64/gcc-7.4.0/mpfr-4.2.0-kaio7oplmuqaasj2pkoq2srjqy7qpxs5/lib --with-gmp-include=/opt/scorec/spack/rhel9/v0201_4/install/linux-rhel9-x86_64/gcc-7.4.0/gmp-6.2.1-iex45aklocne2fbvezxzzfsp2w7vdlmg/include --with-gmp-lib=/opt/scorec/spack/rhel9/v0201_4/install/linux-rhel9-x86_64/gcc-7.4.0/gmp-6.2.1-iex45aklocne2fbvezxzzfsp2w7vdlmg/lib --with-mpc-include=/opt/scorec/spack/rhel9/v0201_4/install/linux-rhel9-x86_64/gcc-7.4.0/mpc-1.3.1-5wptfliuspyqo5a4qypm7auvrx6gldh5/include --with-mpc-lib=/opt/scorec/spack/rhel9/v0201_4/install/linux-rhel9-x86_64/gcc-7.4.0/mpc-1.3.1-5wptfliuspyqo5a4qypm7auvrx6gldh5/lib --without-isl --with-stage1-ldflags='-Wl,-rpath,/opt/scorec/spack/rhel9/v0201_4/install/linux-rhel9-x86_64/gcc-7.4.0/gcc-12.3.0-iil3lnovyknyxf7pec36wljem3fntjd5/lib -Wl,-rpath,/opt/scorec/spack/rhel9/v0201_4/install/linux-rhel9-x86_64/gcc-7.4.0/gcc-12.3.0-iil3lnovyknyxf7pec36wljem3fntjd5/lib64 -Wl,-rpath,/opt/scorec/spack/rhel9/v0201_4/install/linux-rhel9-x86_64/gcc-7.4.0/gmp-6.2.1-iex45aklocne2fbvezxzzfsp2w7vdlmg/lib -Wl,-rpath,/opt/scorec/spack/rhel9/v0201_4/install/linux-rhel9-x86_64/gcc-7.4.0/mpc-1.3.1-5wptfliuspyqo5a4qypm7auvrx6gldh5/lib -Wl,-rpath,/opt/scorec/spack/rhel9/v0201_4/install/linux-rhel9-x86_64/gcc-7.4.0/mpfr-4.2.0-kaio7oplmuqaasj2pkoq2srjqy7qpxs5/lib -Wl,-rpath,/opt/scorec/spack/rhel9/v0201_4/install/linux-rhel9-x86_64/gcc-7.4.0/zlib-1.2.13-mvjz5oiydrl3oey4yh7fh6mvpp5jjsfd/lib -Wl,-rpath,/opt/scorec/spack/rhel9/v0201_4/install/linux-rhel9-x86_64/gcc-7.4.0/zstd-1.5.5-jmx6qld47fhvlvb2xedqe74savl55i6p/lib' --with-boot-ldflags='-Wl,-rpath,/opt/scorec/spack/rhel9/v0201_4/install/linux-rhel9-x86_64/gcc-7.4.0/gcc-12.3.0-iil3lnovyknyxf7pec36wljem3fntjd5/lib -Wl,-rpath,/opt/scorec/spack/rhel9/v0201_4/install/linux-rhel9-x86_64/gcc-7.4.0/gcc-12.3.0-iil3lnovyknyxf7pec36wljem3fntjd5/lib64 -Wl,-rpath,/opt/scorec/spack/rhel9/v0201_4/install/linux-rhel9-x86_64/gcc-7.4.0/gmp-6.2.1-iex45aklocne2fbvezxzzfsp2w7vdlmg/lib -Wl,-rpath,/opt/scorec/spack/rhel9/v0201_4/install/linux-rhel9-x86_64/gcc-7.4.0/mpc-1.3.1-5wptfliuspyqo5a4qypm7auvrx6gldh5/lib -Wl,-rpath,/opt/scorec/spack/rhel9/v0201_4/install/linux-rhel9-x86_64/gcc-7.4.0/mpfr-4.2.0-kaio7oplmuqaasj2pkoq2srjqy7qpxs5/lib -Wl,-rpath,/opt/scorec/spack/rhel9/v0201_4/install/linux-rhel9-x86_64/gcc-7.4.0/zlib-1.2.13-mvjz5oiydrl3oey4yh7fh6mvpp5jjsfd/lib -Wl,-rpath,/opt/scorec/spack/rhel9/v0201_4/install/linux-rhel9-x86_64/gcc-7.4.0/zstd-1.5.5-jmx6qld47fhvlvb2xedqe74savl55i6p/lib -static-libstdc++ -static-libgcc' --with-build-config=spack
Thread model: posix
Supported LTO compression algorithms: zlib zstd
gcc version 12.3.0 (Spack GCC) 
COLLECT_GCC_OPTIONS='-v' '-o' 'CMakeFiles/cmTC_a48d9.dir/CMakeCXXCompilerABI.cpp.o' '-c' '-I' '/opt/scorec/spack/rhel9/v0201_4/install/linux-rhel9-x86_64/gcc-12.3.0/mpich-4.1.1-xpoyz4tqgfxtrm6m7qq67q4ccp5pnlre/include' '-shared-libgcc' '-mtune=generic' '-march=x86-64' '-dumpdir' 'CMakeFiles/cmTC_a48d9.dir/'
 /opt/scorec/spack/rhel9/v0201_4/install/linux-rhel9-x86_64/gcc-7.4.0/gcc-12.3.0-iil3lnovyknyxf7pec36wljem3fntjd5/libexec/gcc/x86_64-pc-linux-gnu/12.3.0/cc1plus -quiet -v -I /opt/scorec/spack/rhel9/v0201_4/install/linux-rhel9-x86_64/gcc-12.3.0/mpich-4.1.1-xpoyz4tqgfxtrm6m7qq67q4ccp5pnlre/include -D_GNU_SOURCE /opt/scorec/cmake/3.20.0/share/cmake-3.20/Modules/CMakeCXXCompilerABI.cpp -quiet -dumpdir CMakeFiles/cmTC_a48d9.dir/ -dumpbase CMakeCXXCompilerABI.cpp.cpp -dumpbase-ext .cpp -mtune=generic -march=x86-64 -version -o /tmp/ccTPA0u4.s
GNU C++17 (Spack GCC) version 12.3.0 (x86_64-pc-linux-gnu)
	compiled by GNU C version 12.3.0, GMP version 6.2.1, MPFR version 4.2.0, MPC version 1.3.1, isl version none
GGC heuristics: --param ggc-min-expand=100 --param ggc-min-heapsize=131072
ignoring nonexistent directory "/opt/scorec/spack/rhel9/v0201_4/install/linux-rhel9-x86_64/gcc-7.4.0/gcc-12.3.0-iil3lnovyknyxf7pec36wljem3fntjd5/lib/gcc/x86_64-pc-linux-gnu/12.3.0/../../../../x86_64-pc-linux-gnu/include"
#include "..." search starts here:
#include <...> search starts here:
 /opt/scorec/spack/rhel9/v0201_4/install/linux-rhel9-x86_64/gcc-12.3.0/mpich-4.1.1-xpoyz4tqgfxtrm6m7qq67q4ccp5pnlre/include
 /opt/scorec/spack/rhel9/v0201_4/install/linux-rhel9-x86_64/gcc-7.4.0/gcc-12.3.0-iil3lnovyknyxf7pec36wljem3fntjd5/lib/gcc/x86_64-pc-linux-gnu/12.3.0/../../../../include/c++/12.3.0
 /opt/scorec/spack/rhel9/v0201_4/install/linux-rhel9-x86_64/gcc-7.4.0/gcc-12.3.0-iil3lnovyknyxf7pec36wljem3fntjd5/lib/gcc/x86_64-pc-linux-gnu/12.3.0/../../../../include/c++/12.3.0/x86_64-pc-linux-gnu
 /opt/scorec/spack/rhel9/v0201_4/install/linux-rhel9-x86_64/gcc-7.4.0/gcc-12.3.0-iil3lnovyknyxf7pec36wljem3fntjd5/lib/gcc/x86_64-pc-linux-gnu/12.3.0/../../../../include/c++/12.3.0/backward
 /opt/scorec/spack/rhel9/v0201_4/install/linux-rhel9-x86_64/gcc-7.4.0/gcc-12.3.0-iil3lnovyknyxf7pec36wljem3fntjd5/lib/gcc/x86_64-pc-linux-gnu/12.3.0/include
 /usr/local/include
 /opt/scorec/spack/rhel9/v0201_4/install/linux-rhel9-x86_64/gcc-7.4.0/gcc-12.3.0-iil3lnovyknyxf7pec36wljem3fntjd5/include
 /opt/scorec/spack/rhel9/v0201_4/install/linux-rhel9-x86_64/gcc-7.4.0/gcc-12.3.0-iil3lnovyknyxf7pec36wljem3fntjd5/lib/gcc/x86_64-pc-linux-gnu/12.3.0/include-fixed
 /usr/include
End of search list.
GNU C++17 (Spack GCC) version 12.3.0 (x86_64-pc-linux-gnu)
	compiled by GNU C version 12.3.0, GMP version 6.2.1, MPFR version 4.2.0, MPC version 1.3.1, isl version none
GGC heuristics: --param ggc-min-expand=100 --param ggc-min-heapsize=131072
Compiler executable checksum: 1a308030a855b79d173c764c6ccee6e9
COLLECT_GCC_OPTIONS='-v' '-o' 'CMakeFiles/cmTC_a48d9.dir/CMakeCXXCompilerABI.cpp.o' '-c' '-I' '/opt/scorec/spack/rhel9/v0201_4/install/linux-rhel9-x86_64/gcc-12.3.0/mpich-4.1.1-xpoyz4tqgfxtrm6m7qq67q4ccp5pnlre/include' '-shared-libgcc' '-mtune=generic' '-march=x86-64' '-dumpdir' 'CMakeFiles/cmTC_a48d9.dir/'
 as -v -I /opt/scorec/spack/rhel9/v0201_4/install/linux-rhel9-x86_64/gcc-12.3.0/mpich-4.1.1-xpoyz4tqgfxtrm6m7qq67q4ccp5pnlre/include --64 -o CMakeFiles/cmTC_a48d9.dir/CMakeCXXCompilerABI.cpp.o /tmp/ccTPA0u4.s
GNU assembler version 2.35.2 (x86_64-redhat-linux) using BFD version version 2.35.2-43.el9
COMPILER_PATH=/opt/scorec/spack/rhel9/v0201_4/install/linux-rhel9-x86_64/gcc-7.4.0/gcc-12.3.0-iil3lnovyknyxf7pec36wljem3fntjd5/libexec/gcc/x86_64-pc-linux-gnu/12.3.0/:/opt/scorec/spack/rhel9/v0201_4/install/linux-rhel9-x86_64/gcc-7.4.0/gcc-12.3.0-iil3lnovyknyxf7pec36wljem3fntjd5/libexec/gcc/x86_64-pc-linux-gnu/12.3.0/:/opt/scorec/spack/rhel9/v0201_4/install/linux-rhel9-x86_64/gcc-7.4.0/gcc-12.3.0-iil3lnovyknyxf7pec36wljem3fntjd5/libexec/gcc/x86_64-pc-linux-gnu/:/opt/scorec/spack/rhel9/v0201_4/install/linux-rhel9-x86_64/gcc-7.4.0/gcc-12.3.0-iil3lnovyknyxf7pec36wljem3fntjd5/lib/gcc/x86_64-pc-linux-gnu/12.3.0/:/opt/scorec/spack/rhel9/v0201_4/install/linux-rhel9-x86_64/gcc-7.4.0/gcc-12.3.0-iil3lnovyknyxf7pec36wljem3fntjd5/lib/gcc/x86_64-pc-linux-gnu/
LIBRARY_PATH=/opt/scorec/spack/rhel9/v0201_4/install/linux-rhel9-x86_64/gcc-7.4.0/gcc-12.3.0-iil3lnovyknyxf7pec36wljem3fntjd5/lib/gcc/x86_64-pc-linux-gnu/12.3.0/:/opt/scorec/spack/rhel9/v0201_4/install/linux-rhel9-x86_64/gcc-7.4.0/gcc-12.3.0-iil3lnovyknyxf7pec36wljem3fntjd5/lib/gcc/x86_64-pc-linux-gnu/12.3.0/../../../../lib64/:/lib/../lib64/:/usr/lib/../lib64/:/opt/scorec/spack/rhel9/v0201_4/install/linux-rhel9-x86_64/gcc-7.4.0/gcc-12.3.0-iil3lnovyknyxf7pec36wljem3fntjd5/lib/gcc/x86_64-pc-linux-gnu/12.3.0/../../../:/lib/:/usr/lib/
COLLECT_GCC_OPTIONS='-v' '-o' 'CMakeFiles/cmTC_a48d9.dir/CMakeCXXCompilerABI.cpp.o' '-c' '-I' '/opt/scorec/spack/rhel9/v0201_4/install/linux-rhel9-x86_64/gcc-12.3.0/mpich-4.1.1-xpoyz4tqgfxtrm6m7qq67q4ccp5pnlre/include' '-shared-libgcc' '-mtune=generic' '-march=x86-64' '-dumpdir' 'CMakeFiles/cmTC_a48d9.dir/CMakeCXXCompilerABI.cpp.'
Linking CXX executable cmTC_a48d9
/opt/scorec/cmake/3.20.0/bin/cmake -E cmake_link_script CMakeFiles/cmTC_a48d9.dir/link.txt --verbose=1
/opt/scorec/spack/rhel9/v0201_4/install/linux-rhel9-x86_64/gcc-12.3.0/mpich-4.1.1-xpoyz4tqgfxtrm6m7qq67q4ccp5pnlre/bin/mpicxx  -v -rdynamic CMakeFiles/cmTC_a48d9.dir/CMakeCXXCompilerABI.cpp.o -o cmTC_a48d9 
mpicxx for MPICH version 4.1.1
Reading specs from /opt/scorec/spack/rhel9/v0201_4/install/linux-rhel9-x86_64/gcc-7.4.0/gcc-12.3.0-iil3lnovyknyxf7pec36wljem3fntjd5/lib/gcc/x86_64-pc-linux-gnu/12.3.0/specs
COLLECT_GCC=/opt/scorec/spack/rhel9/v0201_4/install/linux-rhel9-x86_64/gcc-7.4.0/gcc-12.3.0-iil3lnovyknyxf7pec36wljem3fntjd5/bin/g++
COLLECT_LTO_WRAPPER=/opt/scorec/spack/rhel9/v0201_4/install/linux-rhel9-x86_64/gcc-7.4.0/gcc-12.3.0-iil3lnovyknyxf7pec36wljem3fntjd5/libexec/gcc/x86_64-pc-linux-gnu/12.3.0/lto-wrapper
Target: x86_64-pc-linux-gnu
Configured with: /space/cwsmith/spack/rhel9/v0201_4/build_stage/spack-stage-gcc-12.3.0-iil3lnovyknyxf7pec36wljem3fntjd5/spack-src/configure --prefix=/opt/scorec/spack/rhel9/v0201_4/install/linux-rhel9-x86_64/gcc-7.4.0/gcc-12.3.0-iil3lnovyknyxf7pec36wljem3fntjd5 --with-pkgversion='Spack GCC' --with-bugurl=https://github.com/spack/spack/issues --disable-multilib --enable-languages=c,c++,fortran --disable-nls --disable-canonical-system-headers --with-system-zlib --with-zstd-include=/opt/scorec/spack/rhel9/v0201_4/install/linux-rhel9-x86_64/gcc-7.4.0/zstd-1.5.5-jmx6qld47fhvlvb2xedqe74savl55i6p/include --with-zstd-lib=/opt/scorec/spack/rhel9/v0201_4/install/linux-rhel9-x86_64/gcc-7.4.0/zstd-1.5.5-jmx6qld47fhvlvb2xedqe74savl55i6p/lib --enable-bootstrap --with-mpfr-include=/opt/scorec/spack/rhel9/v0201_4/install/linux-rhel9-x86_64/gcc-7.4.0/mpfr-4.2.0-kaio7oplmuqaasj2pkoq2srjqy7qpxs5/include --with-mpfr-lib=/opt/scorec/spack/rhel9/v0201_4/install/linux-rhel9-x86_64/gcc-7.4.0/mpfr-4.2.0-kaio7oplmuqaasj2pkoq2srjqy7qpxs5/lib --with-gmp-include=/opt/scorec/spack/rhel9/v0201_4/install/linux-rhel9-x86_64/gcc-7.4.0/gmp-6.2.1-iex45aklocne2fbvezxzzfsp2w7vdlmg/include --with-gmp-lib=/opt/scorec/spack/rhel9/v0201_4/install/linux-rhel9-x86_64/gcc-7.4.0/gmp-6.2.1-iex45aklocne2fbvezxzzfsp2w7vdlmg/lib --with-mpc-include=/opt/scorec/spack/rhel9/v0201_4/install/linux-rhel9-x86_64/gcc-7.4.0/mpc-1.3.1-5wptfliuspyqo5a4qypm7auvrx6gldh5/include --with-mpc-lib=/opt/scorec/spack/rhel9/v0201_4/install/linux-rhel9-x86_64/gcc-7.4.0/mpc-1.3.1-5wptfliuspyqo5a4qypm7auvrx6gldh5/lib --without-isl --with-stage1-ldflags='-Wl,-rpath,/opt/scorec/spack/rhel9/v0201_4/install/linux-rhel9-x86_64/gcc-7.4.0/gcc-12.3.0-iil3lnovyknyxf7pec36wljem3fntjd5/lib -Wl,-rpath,/opt/scorec/spack/rhel9/v0201_4/install/linux-rhel9-x86_64/gcc-7.4.0/gcc-12.3.0-iil3lnovyknyxf7pec36wljem3fntjd5/lib64 -Wl,-rpath,/opt/scorec/spack/rhel9/v0201_4/install/linux-rhel9-x86_64/gcc-7.4.0/gmp-6.2.1-iex45aklocne2fbvezxzzfsp2w7vdlmg/lib -Wl,-rpath,/opt/scorec/spack/rhel9/v0201_4/install/linux-rhel9-x86_64/gcc-7.4.0/mpc-1.3.1-5wptfliuspyqo5a4qypm7auvrx6gldh5/lib -Wl,-rpath,/opt/scorec/spack/rhel9/v0201_4/install/linux-rhel9-x86_64/gcc-7.4.0/mpfr-4.2.0-kaio7oplmuqaasj2pkoq2srjqy7qpxs5/lib -Wl,-rpath,/opt/scorec/spack/rhel9/v0201_4/install/linux-rhel9-x86_64/gcc-7.4.0/zlib-1.2.13-mvjz5oiydrl3oey4yh7fh6mvpp5jjsfd/lib -Wl,-rpath,/opt/scorec/spack/rhel9/v0201_4/install/linux-rhel9-x86_64/gcc-7.4.0/zstd-1.5.5-jmx6qld47fhvlvb2xedqe74savl55i6p/lib' --with-boot-ldflags='-Wl,-rpath,/opt/scorec/spack/rhel9/v0201_4/install/linux-rhel9-x86_64/gcc-7.4.0/gcc-12.3.0-iil3lnovyknyxf7pec36wljem3fntjd5/lib -Wl,-rpath,/opt/scorec/spack/rhel9/v0201_4/install/linux-rhel9-x86_64/gcc-7.4.0/gcc-12.3.0-iil3lnovyknyxf7pec36wljem3fntjd5/lib64 -Wl,-rpath,/opt/scorec/spack/rhel9/v0201_4/install/linux-rhel9-x86_64/gcc-7.4.0/gmp-6.2.1-iex45aklocne2fbvezxzzfsp2w7vdlmg/lib -Wl,-rpath,/opt/scorec/spack/rhel9/v0201_4/install/linux-rhel9-x86_64/gcc-7.4.0/mpc-1.3.1-5wptfliuspyqo5a4qypm7auvrx6gldh5/lib -Wl,-rpath,/opt/scorec/spack/rhel9/v0201_4/install/linux-rhel9-x86_64/gcc-7.4.0/mpfr-4.2.0-kaio7oplmuqaasj2pkoq2srjqy7qpxs5/lib -Wl,-rpath,/opt/scorec/spack/rhel9/v0201_4/install/linux-rhel9-x86_64/gcc-7.4.0/zlib-1.2.13-mvjz5oiydrl3oey4yh7fh6mvpp5jjsfd/lib -Wl,-rpath,/opt/scorec/spack/rhel9/v0201_4/install/linux-rhel9-x86_64/gcc-7.4.0/zstd-1.5.5-jmx6qld47fhvlvb2xedqe74savl55i6p/lib -static-libstdc++ -static-libgcc' --with-build-config=spack
Thread model: posix
Supported LTO compression algorithms: zlib zstd
gcc version 12.3.0 (Spack GCC) 
COMPILER_PATH=/opt/scorec/spack/rhel9/v0201_4/install/linux-rhel9-x86_64/gcc-7.4.0/gcc-12.3.0-iil3lnovyknyxf7pec36wljem3fntjd5/libexec/gcc/x86_64-pc-linux-gnu/12.3.0/:/opt/scorec/spack/rhel9/v0201_4/install/linux-rhel9-x86_64/gcc-7.4.0/gcc-12.3.0-iil3lnovyknyxf7pec36wljem3fntjd5/libexec/gcc/x86_64-pc-linux-gnu/12.3.0/:/opt/scorec/spack/rhel9/v0201_4/install/linux-rhel9-x86_64/gcc-7.4.0/gcc-12.3.0-iil3lnovyknyxf7pec36wljem3fntjd5/libexec/gcc/x86_64-pc-linux-gnu/:/opt/scorec/spack/rhel9/v0201_4/install/linux-rhel9-x86_64/gcc-7.4.0/gcc-12.3.0-iil3lnovyknyxf7pec36wljem3fntjd5/lib/gcc/x86_64-pc-linux-gnu/12.3.0/:/opt/scorec/spack/rhel9/v0201_4/install/linux-rhel9-x86_64/gcc-7.4.0/gcc-12.3.0-iil3lnovyknyxf7pec36wljem3fntjd5/lib/gcc/x86_64-pc-linux-gnu/
LIBRARY_PATH=/opt/scorec/spack/rhel9/v0201_4/install/linux-rhel9-x86_64/gcc-7.4.0/gcc-12.3.0-iil3lnovyknyxf7pec36wljem3fntjd5/lib/gcc/x86_64-pc-linux-gnu/12.3.0/:/opt/scorec/spack/rhel9/v0201_4/install/linux-rhel9-x86_64/gcc-7.4.0/gcc-12.3.0-iil3lnovyknyxf7pec36wljem3fntjd5/lib/gcc/x86_64-pc-linux-gnu/12.3.0/../../../../lib64/:/lib/../lib64/:/usr/lib/../lib64/:/opt/scorec/spack/rhel9/v0201_4/install/linux-rhel9-x86_64/gcc-7.4.0/gcc-12.3.0-iil3lnovyknyxf7pec36wljem3fntjd5/lib/gcc/x86_64-pc-linux-gnu/12.3.0/../../../:/lib/:/usr/lib/
COLLECT_GCC_OPTIONS='-v' '-rdynamic' '-o' 'cmTC_a48d9' '-I' '/opt/scorec/spack/rhel9/v0201_4/install/linux-rhel9-x86_64/gcc-12.3.0/mpich-4.1.1-xpoyz4tqgfxtrm6m7qq67q4ccp5pnlre/include' '-L/opt/scorec/spack/rhel9/v0201_4/install/linux-rhel9-x86_64/gcc-12.3.0/mpich-4.1.1-xpoyz4tqgfxtrm6m7qq67q4ccp5pnlre/lib' '-shared-libgcc' '-mtune=generic' '-march=x86-64' '-dumpdir' 'cmTC_a48d9.'
 /opt/scorec/spack/rhel9/v0201_4/install/linux-rhel9-x86_64/gcc-7.4.0/gcc-12.3.0-iil3lnovyknyxf7pec36wljem3fntjd5/libexec/gcc/x86_64-pc-linux-gnu/12.3.0/collect2 -plugin /opt/scorec/spack/rhel9/v0201_4/install/linux-rhel9-x86_64/gcc-7.4.0/gcc-12.3.0-iil3lnovyknyxf7pec36wljem3fntjd5/libexec/gcc/x86_64-pc-linux-gnu/12.3.0/liblto_plugin.so -plugin-opt=/opt/scorec/spack/rhel9/v0201_4/install/linux-rhel9-x86_64/gcc-7.4.0/gcc-12.3.0-iil3lnovyknyxf7pec36wljem3fntjd5/libexec/gcc/x86_64-pc-linux-gnu/12.3.0/lto-wrapper -plugin-opt=-fresolution=/tmp/cc5GJHh8.res -plugin-opt=-pass-through=-lgcc_s -plugin-opt=-pass-through=-lgcc -plugin-opt=-pass-through=-lc -plugin-opt=-pass-through=-lgcc_s -plugin-opt=-pass-through=-lgcc --eh-frame-hdr -m elf_x86_64 -export-dynamic -dynamic-linker /lib64/ld-linux-x86-64.so.2 -o cmTC_a48d9 /lib/../lib64/crt1.o /lib/../lib64/crti.o /opt/scorec/spack/rhel9/v0201_4/install/linux-rhel9-x86_64/gcc-7.4.0/gcc-12.3.0-iil3lnovyknyxf7pec36wljem3fntjd5/lib/gcc/x86_64-pc-linux-gnu/12.3.0/crtbegin.o -L/opt/scorec/spack/rhel9/v0201_4/install/linux-rhel9-x86_64/gcc-12.3.0/mpich-4.1.1-xpoyz4tqgfxtrm6m7qq67q4ccp5pnlre/lib -rpath /opt/scorec/spack/rhel9/v0201_4/install/linux-rhel9-x86_64/gcc-7.4.0/gcc-12.3.0-iil3lnovyknyxf7pec36wljem3fntjd5/lib64 -L/opt/scorec/spack/rhel9/v0201_4/install/linux-rhel9-x86_64/gcc-7.4.0/gcc-12.3.0-iil3lnovyknyxf7pec36wljem3fntjd5/lib/gcc/x86_64-pc-linux-gnu/12.3.0 -L/opt/scorec/spack/rhel9/v0201_4/install/linux-rhel9-x86_64/gcc-7.4.0/gcc-12.3.0-iil3lnovyknyxf7pec36wljem3fntjd5/lib/gcc/x86_64-pc-linux-gnu/12.3.0/../../../../lib64 -L/lib/../lib64 -L/usr/lib/../lib64 -L/opt/scorec/spack/rhel9/v0201_4/install/linux-rhel9-x86_64/gcc-7.4.0/gcc-12.3.0-iil3lnovyknyxf7pec36wljem3fntjd5/lib/gcc/x86_64-pc-linux-gnu/12.3.0/../../.. CMakeFiles/cmTC_a48d9.dir/CMakeCXXCompilerABI.cpp.o -lmpicxx -rpath /opt/scorec/spack/rhel9/v0201_4/install/linux-rhel9-x86_64/gcc-12.3.0/mpich-4.1.1-xpoyz4tqgfxtrm6m7qq67q4ccp5pnlre/lib -lmpi -lstdc++ -lm -lgcc_s -lgcc -lc -lgcc_s -lgcc /opt/scorec/spack/rhel9/v0201_4/install/linux-rhel9-x86_64/gcc-7.4.0/gcc-12.3.0-iil3lnovyknyxf7pec36wljem3fntjd5/lib/gcc/x86_64-pc-linux-gnu/12.3.0/crtend.o /lib/../lib64/crtn.o
COLLECT_GCC_OPTIONS='-v' '-rdynamic' '-o' 'cmTC_a48d9' '-I' '/opt/scorec/spack/rhel9/v0201_4/install/linux-rhel9-x86_64/gcc-12.3.0/mpich-4.1.1-xpoyz4tqgfxtrm6m7qq67q4ccp5pnlre/include' '-L/opt/scorec/spack/rhel9/v0201_4/install/linux-rhel9-x86_64/gcc-12.3.0/mpich-4.1.1-xpoyz4tqgfxtrm6m7qq67q4ccp5pnlre/lib' '-shared-libgcc' '-mtune=generic' '-march=x86-64' '-dumpdir' 'cmTC_a48d9.'
gmake[1]: Leaving directory '/lore/paudea/misc/RBFinterpolation/MLS-rbf-based-Interpolation/build/CMakeFiles/CMakeTmp'



Parsed CXX implicit include dir info from above output: rv=done
  found start of include info
  found start of implicit include info
    add: [/opt/scorec/spack/rhel9/v0201_4/install/linux-rhel9-x86_64/gcc-12.3.0/mpich-4.1.1-xpoyz4tqgfxtrm6m7qq67q4ccp5pnlre/include]
    add: [/opt/scorec/spack/rhel9/v0201_4/install/linux-rhel9-x86_64/gcc-7.4.0/gcc-12.3.0-iil3lnovyknyxf7pec36wljem3fntjd5/lib/gcc/x86_64-pc-linux-gnu/12.3.0/../../../../include/c++/12.3.0]
    add: [/opt/scorec/spack/rhel9/v0201_4/install/linux-rhel9-x86_64/gcc-7.4.0/gcc-12.3.0-iil3lnovyknyxf7pec36wljem3fntjd5/lib/gcc/x86_64-pc-linux-gnu/12.3.0/../../../../include/c++/12.3.0/x86_64-pc-linux-gnu]
    add: [/opt/scorec/spack/rhel9/v0201_4/install/linux-rhel9-x86_64/gcc-7.4.0/gcc-12.3.0-iil3lnovyknyxf7pec36wljem3fntjd5/lib/gcc/x86_64-pc-linux-gnu/12.3.0/../../../../include/c++/12.3.0/backward]
    add: [/opt/scorec/spack/rhel9/v0201_4/install/linux-rhel9-x86_64/gcc-7.4.0/gcc-12.3.0-iil3lnovyknyxf7pec36wljem3fntjd5/lib/gcc/x86_64-pc-linux-gnu/12.3.0/include]
    add: [/usr/local/include]
    add: [/opt/scorec/spack/rhel9/v0201_4/install/linux-rhel9-x86_64/gcc-7.4.0/gcc-12.3.0-iil3lnovyknyxf7pec36wljem3fntjd5/include]
    add: [/opt/scorec/spack/rhel9/v0201_4/install/linux-rhel9-x86_64/gcc-7.4.0/gcc-12.3.0-iil3lnovyknyxf7pec36wljem3fntjd5/lib/gcc/x86_64-pc-linux-gnu/12.3.0/include-fixed]
    add: [/usr/include]
  end of search list found
  collapse include dir [/opt/scorec/spack/rhel9/v0201_4/install/linux-rhel9-x86_64/gcc-12.3.0/mpich-4.1.1-xpoyz4tqgfxtrm6m7qq67q4ccp5pnlre/include] ==> [/opt/scorec/spack/rhel9/v0201_4/install/linux-rhel9-x86_64/gcc-12.3.0/mpich-4.1.1-xpoyz4tqgfxtrm6m7qq67q4ccp5pnlre/include]
  collapse include dir [/opt/scorec/spack/rhel9/v0201_4/install/linux-rhel9-x86_64/gcc-7.4.0/gcc-12.3.0-iil3lnovyknyxf7pec36wljem3fntjd5/lib/gcc/x86_64-pc-linux-gnu/12.3.0/../../../../include/c++/12.3.0] ==> [/opt/scorec/spack/rhel9/v0201_4/install/linux-rhel9-x86_64/gcc-7.4.0/gcc-12.3.0-iil3lnovyknyxf7pec36wljem3fntjd5/include/c++/12.3.0]
  collapse include dir [/opt/scorec/spack/rhel9/v0201_4/install/linux-rhel9-x86_64/gcc-7.4.0/gcc-12.3.0-iil3lnovyknyxf7pec36wljem3fntjd5/lib/gcc/x86_64-pc-linux-gnu/12.3.0/../../../../include/c++/12.3.0/x86_64-pc-linux-gnu] ==> [/opt/scorec/spack/rhel9/v0201_4/install/linux-rhel9-x86_64/gcc-7.4.0/gcc-12.3.0-iil3lnovyknyxf7pec36wljem3fntjd5/include/c++/12.3.0/x86_64-pc-linux-gnu]
  collapse include dir [/opt/scorec/spack/rhel9/v0201_4/install/linux-rhel9-x86_64/gcc-7.4.0/gcc-12.3.0-iil3lnovyknyxf7pec36wljem3fntjd5/lib/gcc/x86_64-pc-linux-gnu/12.3.0/../../../../include/c++/12.3.0/backward] ==> [/opt/scorec/spack/rhel9/v0201_4/install/linux-rhel9-x86_64/gcc-7.4.0/gcc-12.3.0-iil3lnovyknyxf7pec36wljem3fntjd5/include/c++/12.3.0/backward]
  collapse include dir [/opt/scorec/spack/rhel9/v0201_4/install/linux-rhel9-x86_64/gcc-7.4.0/gcc-12.3.0-iil3lnovyknyxf7pec36wljem3fntjd5/lib/gcc/x86_64-pc-linux-gnu/12.3.0/include] ==> [/opt/scorec/spack/rhel9/v0201_4/install/linux-rhel9-x86_64/gcc-7.4.0/gcc-12.3.0-iil3lnovyknyxf7pec36wljem3fntjd5/lib/gcc/x86_64-pc-linux-gnu/12.3.0/include]
  collapse include dir [/usr/local/include] ==> [/usr/local/include]
  collapse include dir [/opt/scorec/spack/rhel9/v0201_4/install/linux-rhel9-x86_64/gcc-7.4.0/gcc-12.3.0-iil3lnovyknyxf7pec36wljem3fntjd5/include] ==> [/opt/scorec/spack/rhel9/v0201_4/install/linux-rhel9-x86_64/gcc-7.4.0/gcc-12.3.0-iil3lnovyknyxf7pec36wljem3fntjd5/include]
  collapse include dir [/opt/scorec/spack/rhel9/v0201_4/install/linux-rhel9-x86_64/gcc-7.4.0/gcc-12.3.0-iil3lnovyknyxf7pec36wljem3fntjd5/lib/gcc/x86_64-pc-linux-gnu/12.3.0/include-fixed] ==> [/opt/scorec/spack/rhel9/v0201_4/install/linux-rhel9-x86_64/gcc-7.4.0/gcc-12.3.0-iil3lnovyknyxf7pec36wljem3fntjd5/lib/gcc/x86_64-pc-linux-gnu/12.3.0/include-fixed]
  collapse include dir [/usr/include] ==> [/usr/include]
  implicit include dirs: [/opt/scorec/spack/rhel9/v0201_4/install/linux-rhel9-x86_64/gcc-12.3.0/mpich-4.1.1-xpoyz4tqgfxtrm6m7qq67q4ccp5pnlre/include;/opt/scorec/spack/rhel9/v0201_4/install/linux-rhel9-x86_64/gcc-7.4.0/gcc-12.3.0-iil3lnovyknyxf7pec36wljem3fntjd5/include/c++/12.3.0;/opt/scorec/spack/rhel9/v0201_4/install/linux-rhel9-x86_64/gcc-7.4.0/gcc-12.3.0-iil3lnovyknyxf7pec36wljem3fntjd5/include/c++/12.3.0/x86_64-pc-linux-gnu;/opt/scorec/spack/rhel9/v0201_4/install/linux-rhel9-x86_64/gcc-7.4.0/gcc-12.3.0-iil3lnovyknyxf7pec36wljem3fntjd5/include/c++/12.3.0/backward;/opt/scorec/spack/rhel9/v0201_4/install/linux-rhel9-x86_64/gcc-7.4.0/gcc-12.3.0-iil3lnovyknyxf7pec36wljem3fntjd5/lib/gcc/x86_64-pc-linux-gnu/12.3.0/include;/usr/local/include;/opt/scorec/spack/rhel9/v0201_4/install/linux-rhel9-x86_64/gcc-7.4.0/gcc-12.3.0-iil3lnovyknyxf7pec36wljem3fntjd5/include;/opt/scorec/spack/rhel9/v0201_4/install/linux-rhel9-x86_64/gcc-7.4.0/gcc-12.3.0-iil3lnovyknyxf7pec36wljem3fntjd5/lib/gcc/x86_64-pc-linux-gnu/12.3.0/include-fixed;/usr/include]


Parsed CXX implicit link information from above output:
  link line regex: [^( *|.*[/\])(ld|CMAKE_LINK_STARTFILE-NOTFOUND|([^/\]+-)?ld|collect2)[^/\]*( |$)]
  ignore line: [Change Dir: /lore/paudea/misc/RBFinterpolation/MLS-rbf-based-Interpolation/build/CMakeFiles/CMakeTmp]
  ignore line: []
  ignore line: [Run Build Command(s):/usr/bin/gmake -f Makefile cmTC_a48d9/fast && /usr/bin/gmake  -f CMakeFiles/cmTC_a48d9.dir/build.make CMakeFiles/cmTC_a48d9.dir/build]
  ignore line: [gmake[1]: Entering directory '/lore/paudea/misc/RBFinterpolation/MLS-rbf-based-Interpolation/build/CMakeFiles/CMakeTmp']
  ignore line: [Building CXX object CMakeFiles/cmTC_a48d9.dir/CMakeCXXCompilerABI.cpp.o]
  ignore line: [/opt/scorec/spack/rhel9/v0201_4/install/linux-rhel9-x86_64/gcc-12.3.0/mpich-4.1.1-xpoyz4tqgfxtrm6m7qq67q4ccp5pnlre/bin/mpicxx   -v -o CMakeFiles/cmTC_a48d9.dir/CMakeCXXCompilerABI.cpp.o -c /opt/scorec/cmake/3.20.0/share/cmake-3.20/Modules/CMakeCXXCompilerABI.cpp]
  ignore line: [mpicxx for MPICH version 4.1.1]
  ignore line: [Reading specs from /opt/scorec/spack/rhel9/v0201_4/install/linux-rhel9-x86_64/gcc-7.4.0/gcc-12.3.0-iil3lnovyknyxf7pec36wljem3fntjd5/lib/gcc/x86_64-pc-linux-gnu/12.3.0/specs]
  ignore line: [COLLECT_GCC=/opt/scorec/spack/rhel9/v0201_4/install/linux-rhel9-x86_64/gcc-7.4.0/gcc-12.3.0-iil3lnovyknyxf7pec36wljem3fntjd5/bin/g++]
  ignore line: [Target: x86_64-pc-linux-gnu]
  ignore line: [Configured with: /space/cwsmith/spack/rhel9/v0201_4/build_stage/spack-stage-gcc-12.3.0-iil3lnovyknyxf7pec36wljem3fntjd5/spack-src/configure --prefix=/opt/scorec/spack/rhel9/v0201_4/install/linux-rhel9-x86_64/gcc-7.4.0/gcc-12.3.0-iil3lnovyknyxf7pec36wljem3fntjd5 --with-pkgversion='Spack GCC' --with-bugurl=https://github.com/spack/spack/issues --disable-multilib --enable-languages=c c++ fortran --disable-nls --disable-canonical-system-headers --with-system-zlib --with-zstd-include=/opt/scorec/spack/rhel9/v0201_4/install/linux-rhel9-x86_64/gcc-7.4.0/zstd-1.5.5-jmx6qld47fhvlvb2xedqe74savl55i6p/include --with-zstd-lib=/opt/scorec/spack/rhel9/v0201_4/install/linux-rhel9-x86_64/gcc-7.4.0/zstd-1.5.5-jmx6qld47fhvlvb2xedqe74savl55i6p/lib --enable-bootstrap --with-mpfr-include=/opt/scorec/spack/rhel9/v0201_4/install/linux-rhel9-x86_64/gcc-7.4.0/mpfr-4.2.0-kaio7oplmuqaasj2pkoq2srjqy7qpxs5/include --with-mpfr-lib=/opt/scorec/spack/rhel9/v0201_4/install/linux-rhel9-x86_64/gcc-7.4.0/mpfr-4.2.0-kaio7oplmuqaasj2pkoq2srjqy7qpxs5/lib --with-gmp-include=/opt/scorec/spack/rhel9/v0201_4/install/linux-rhel9-x86_64/gcc-7.4.0/gmp-6.2.1-iex45aklocne2fbvezxzzfsp2w7vdlmg/include --with-gmp-lib=/opt/scorec/spack/rhel9/v0201_4/install/linux-rhel9-x86_64/gcc-7.4.0/gmp-6.2.1-iex45aklocne2fbvezxzzfsp2w7vdlmg/lib --with-mpc-include=/opt/scorec/spack/rhel9/v0201_4/install/linux-rhel9-x86_64/gcc-7.4.0/mpc-1.3.1-5wptfliuspyqo5a4qypm7auvrx6gldh5/include --with-mpc-lib=/opt/scorec/spack/rhel9/v0201_4/install/linux-rhel9-x86_64/gcc-7.4.0/mpc-1.3.1-5wptfliuspyqo5a4qypm7auvrx6gldh5/lib --without-isl --with-stage1-ldflags='-Wl -rpath /opt/scorec/spack/rhel9/v0201_4/install/linux-rhel9-x86_64/gcc-7.4.0/gcc-12.3.0-iil3lnovyknyxf7pec36wljem3fntjd5/lib -Wl -rpath /opt/scorec/spack/rhel9/v0201_4/install/linux-rhel9-x86_64/gcc-7.4.0/gcc-12.3.0-iil3lnovyknyxf7pec36wljem3fntjd5/lib64 -Wl -rpath /opt/scorec/spack/rhel9/v0201_4/install/linux-rhel9-x86_64/gcc-7.4.0/gmp-6.2.1-iex45aklocne2fbvezxzzfsp2w7vdlmg/lib -Wl -rpath /opt/scorec/spack/rhel9/v0201_4/install/linux-rhel9-x86_64/gcc-7.4.0/mpc-1.3.1-5wptfliuspyqo5a4qypm7auvrx6gldh5/lib -Wl -rpath /opt/scorec/spack/rhel9/v0201_4/install/linux-rhel9-x86_64/gcc-7.4.0/mpfr-4.2.0-kaio7oplmuqaasj2pkoq2srjqy7qpxs5/lib -Wl -rpath /opt/scorec/spack/rhel9/v0201_4/install/linux-rhel9-x86_64/gcc-7.4.0/zlib-1.2.13-mvjz5oiydrl3oey4yh7fh6mvpp5jjsfd/lib -Wl -rpath /opt/scorec/spack/rhel9/v0201_4/install/linux-rhel9-x86_64/gcc-7.4.0/zstd-1.5.5-jmx6qld47fhvlvb2xedqe74savl55i6p/lib' --with-boot-ldflags='-Wl -rpath /opt/scorec/spack/rhel9/v0201_4/install/linux-rhel9-x86_64/gcc-7.4.0/gcc-12.3.0-iil3lnovyknyxf7pec36wljem3fntjd5/lib -Wl -rpath /opt/scorec/spack/rhel9/v0201_4/install/linux-rhel9-x86_64/gcc-7.4.0/gcc-12.3.0-iil3lnovyknyxf7pec36wljem3fntjd5/lib64 -Wl -rpath /opt/scorec/spack/rhel9/v0201_4/install/linux-rhel9-x86_64/gcc-7.4.0/gmp-6.2.1-iex45aklocne2fbvezxzzfsp2w7vdlmg/lib -Wl -rpath /opt/scorec/spack/rhel9/v0201_4/install/linux-rhel9-x86_64/gcc-7.4.0/mpc-1.3.1-5wptfliuspyqo5a4qypm7auvrx6gldh5/lib -Wl -rpath /opt/scorec/spack/rhel9/v0201_4/install/linux-rhel9-x86_64/gcc-7.4.0/mpfr-4.2.0-kaio7oplmuqaasj2pkoq2srjqy7qpxs5/lib -Wl -rpath /opt/scorec/spack/rhel9/v0201_4/install/linux-rhel9-x86_64/gcc-7.4.0/zlib-1.2.13-mvjz5oiydrl3oey4yh7fh6mvpp5jjsfd/lib -Wl -rpath /opt/scorec/spack/rhel9/v0201_4/install/linux-rhel9-x86_64/gcc-7.4.0/zstd-1.5.5-jmx6qld47fhvlvb2xedqe74savl55i6p/lib -static-libstdc++ -static-libgcc' --with-build-config=spack]
  ignore line: [Thread model: posix]
  ignore line: [Supported LTO compression algorithms: zlib zstd]
  ignore line: [gcc version 12.3.0 (Spack GCC) ]
  ignore line: [COLLECT_GCC_OPTIONS='-v' '-o' 'CMakeFiles/cmTC_a48d9.dir/CMakeCXXCompilerABI.cpp.o' '-c' '-I' '/opt/scorec/spack/rhel9/v0201_4/install/linux-rhel9-x86_64/gcc-12.3.0/mpich-4.1.1-xpoyz4tqgfxtrm6m7qq67q4ccp5pnlre/include' '-shared-libgcc' '-mtune=generic' '-march=x86-64' '-dumpdir' 'CMakeFiles/cmTC_a48d9.dir/']
  ignore line: [ /opt/scorec/spack/rhel9/v0201_4/install/linux-rhel9-x86_64/gcc-7.4.0/gcc-12.3.0-iil3lnovyknyxf7pec36wljem3fntjd5/libexec/gcc/x86_64-pc-linux-gnu/12.3.0/cc1plus -quiet -v -I /opt/scorec/spack/rhel9/v0201_4/install/linux-rhel9-x86_64/gcc-12.3.0/mpich-4.1.1-xpoyz4tqgfxtrm6m7qq67q4ccp5pnlre/include -D_GNU_SOURCE /opt/scorec/cmake/3.20.0/share/cmake-3.20/Modules/CMakeCXXCompilerABI.cpp -quiet -dumpdir CMakeFiles/cmTC_a48d9.dir/ -dumpbase CMakeCXXCompilerABI.cpp.cpp -dumpbase-ext .cpp -mtune=generic -march=x86-64 -version -o /tmp/ccTPA0u4.s]
  ignore line: [GNU C++17 (Spack GCC) version 12.3.0 (x86_64-pc-linux-gnu)]
  ignore line: [	compiled by GNU C version 12.3.0  GMP version 6.2.1  MPFR version 4.2.0  MPC version 1.3.1  isl version none]
  ignore line: [GGC heuristics: --param ggc-min-expand=100 --param ggc-min-heapsize=131072]
  ignore line: [ignoring nonexistent directory "/opt/scorec/spack/rhel9/v0201_4/install/linux-rhel9-x86_64/gcc-7.4.0/gcc-12.3.0-iil3lnovyknyxf7pec36wljem3fntjd5/lib/gcc/x86_64-pc-linux-gnu/12.3.0/../../../../x86_64-pc-linux-gnu/include"]
  ignore line: [#include "..." search starts here:]
  ignore line: [#include <...> search starts here:]
  ignore line: [ /opt/scorec/spack/rhel9/v0201_4/install/linux-rhel9-x86_64/gcc-12.3.0/mpich-4.1.1-xpoyz4tqgfxtrm6m7qq67q4ccp5pnlre/include]
  ignore line: [ /opt/scorec/spack/rhel9/v0201_4/install/linux-rhel9-x86_64/gcc-7.4.0/gcc-12.3.0-iil3lnovyknyxf7pec36wljem3fntjd5/lib/gcc/x86_64-pc-linux-gnu/12.3.0/../../../../include/c++/12.3.0]
  ignore line: [ /opt/scorec/spack/rhel9/v0201_4/install/linux-rhel9-x86_64/gcc-7.4.0/gcc-12.3.0-iil3lnovyknyxf7pec36wljem3fntjd5/lib/gcc/x86_64-pc-linux-gnu/12.3.0/../../../../include/c++/12.3.0/x86_64-pc-linux-gnu]
  ignore line: [ /opt/scorec/spack/rhel9/v0201_4/install/linux-rhel9-x86_64/gcc-7.4.0/gcc-12.3.0-iil3lnovyknyxf7pec36wljem3fntjd5/lib/gcc/x86_64-pc-linux-gnu/12.3.0/../../../../include/c++/12.3.0/backward]
  ignore line: [ /opt/scorec/spack/rhel9/v0201_4/install/linux-rhel9-x86_64/gcc-7.4.0/gcc-12.3.0-iil3lnovyknyxf7pec36wljem3fntjd5/lib/gcc/x86_64-pc-linux-gnu/12.3.0/include]
  ignore line: [ /usr/local/include]
  ignore line: [ /opt/scorec/spack/rhel9/v0201_4/install/linux-rhel9-x86_64/gcc-7.4.0/gcc-12.3.0-iil3lnovyknyxf7pec36wljem3fntjd5/include]
  ignore line: [ /opt/scorec/spack/rhel9/v0201_4/install/linux-rhel9-x86_64/gcc-7.4.0/gcc-12.3.0-iil3lnovyknyxf7pec36wljem3fntjd5/lib/gcc/x86_64-pc-linux-gnu/12.3.0/include-fixed]
  ignore line: [ /usr/include]
  ignore line: [End of search list.]
  ignore line: [GNU C++17 (Spack GCC) version 12.3.0 (x86_64-pc-linux-gnu)]
  ignore line: [	compiled by GNU C version 12.3.0  GMP version 6.2.1  MPFR version 4.2.0  MPC version 1.3.1  isl version none]
  ignore line: [GGC heuristics: --param ggc-min-expand=100 --param ggc-min-heapsize=131072]
  ignore line: [Compiler executable checksum: 1a308030a855b79d173c764c6ccee6e9]
  ignore line: [COLLECT_GCC_OPTIONS='-v' '-o' 'CMakeFiles/cmTC_a48d9.dir/CMakeCXXCompilerABI.cpp.o' '-c' '-I' '/opt/scorec/spack/rhel9/v0201_4/install/linux-rhel9-x86_64/gcc-12.3.0/mpich-4.1.1-xpoyz4tqgfxtrm6m7qq67q4ccp5pnlre/include' '-shared-libgcc' '-mtune=generic' '-march=x86-64' '-dumpdir' 'CMakeFiles/cmTC_a48d9.dir/']
  ignore line: [ as -v -I /opt/scorec/spack/rhel9/v0201_4/install/linux-rhel9-x86_64/gcc-12.3.0/mpich-4.1.1-xpoyz4tqgfxtrm6m7qq67q4ccp5pnlre/include --64 -o CMakeFiles/cmTC_a48d9.dir/CMakeCXXCompilerABI.cpp.o /tmp/ccTPA0u4.s]
  ignore line: [GNU assembler version 2.35.2 (x86_64-redhat-linux) using BFD version version 2.35.2-43.el9]
  ignore line: [COMPILER_PATH=/opt/scorec/spack/rhel9/v0201_4/install/linux-rhel9-x86_64/gcc-7.4.0/gcc-12.3.0-iil3lnovyknyxf7pec36wljem3fntjd5/libexec/gcc/x86_64-pc-linux-gnu/12.3.0/:/opt/scorec/spack/rhel9/v0201_4/install/linux-rhel9-x86_64/gcc-7.4.0/gcc-12.3.0-iil3lnovyknyxf7pec36wljem3fntjd5/libexec/gcc/x86_64-pc-linux-gnu/12.3.0/:/opt/scorec/spack/rhel9/v0201_4/install/linux-rhel9-x86_64/gcc-7.4.0/gcc-12.3.0-iil3lnovyknyxf7pec36wljem3fntjd5/libexec/gcc/x86_64-pc-linux-gnu/:/opt/scorec/spack/rhel9/v0201_4/install/linux-rhel9-x86_64/gcc-7.4.0/gcc-12.3.0-iil3lnovyknyxf7pec36wljem3fntjd5/lib/gcc/x86_64-pc-linux-gnu/12.3.0/:/opt/scorec/spack/rhel9/v0201_4/install/linux-rhel9-x86_64/gcc-7.4.0/gcc-12.3.0-iil3lnovyknyxf7pec36wljem3fntjd5/lib/gcc/x86_64-pc-linux-gnu/]
  ignore line: [LIBRARY_PATH=/opt/scorec/spack/rhel9/v0201_4/install/linux-rhel9-x86_64/gcc-7.4.0/gcc-12.3.0-iil3lnovyknyxf7pec36wljem3fntjd5/lib/gcc/x86_64-pc-linux-gnu/12.3.0/:/opt/scorec/spack/rhel9/v0201_4/install/linux-rhel9-x86_64/gcc-7.4.0/gcc-12.3.0-iil3lnovyknyxf7pec36wljem3fntjd5/lib/gcc/x86_64-pc-linux-gnu/12.3.0/../../../../lib64/:/lib/../lib64/:/usr/lib/../lib64/:/opt/scorec/spack/rhel9/v0201_4/install/linux-rhel9-x86_64/gcc-7.4.0/gcc-12.3.0-iil3lnovyknyxf7pec36wljem3fntjd5/lib/gcc/x86_64-pc-linux-gnu/12.3.0/../../../:/lib/:/usr/lib/]
  ignore line: [COLLECT_GCC_OPTIONS='-v' '-o' 'CMakeFiles/cmTC_a48d9.dir/CMakeCXXCompilerABI.cpp.o' '-c' '-I' '/opt/scorec/spack/rhel9/v0201_4/install/linux-rhel9-x86_64/gcc-12.3.0/mpich-4.1.1-xpoyz4tqgfxtrm6m7qq67q4ccp5pnlre/include' '-shared-libgcc' '-mtune=generic' '-march=x86-64' '-dumpdir' 'CMakeFiles/cmTC_a48d9.dir/CMakeCXXCompilerABI.cpp.']
  ignore line: [Linking CXX executable cmTC_a48d9]
  ignore line: [/opt/scorec/cmake/3.20.0/bin/cmake -E cmake_link_script CMakeFiles/cmTC_a48d9.dir/link.txt --verbose=1]
  ignore line: [/opt/scorec/spack/rhel9/v0201_4/install/linux-rhel9-x86_64/gcc-12.3.0/mpich-4.1.1-xpoyz4tqgfxtrm6m7qq67q4ccp5pnlre/bin/mpicxx  -v -rdynamic CMakeFiles/cmTC_a48d9.dir/CMakeCXXCompilerABI.cpp.o -o cmTC_a48d9 ]
  ignore line: [mpicxx for MPICH version 4.1.1]
  ignore line: [Reading specs from /opt/scorec/spack/rhel9/v0201_4/install/linux-rhel9-x86_64/gcc-7.4.0/gcc-12.3.0-iil3lnovyknyxf7pec36wljem3fntjd5/lib/gcc/x86_64-pc-linux-gnu/12.3.0/specs]
  ignore line: [COLLECT_GCC=/opt/scorec/spack/rhel9/v0201_4/install/linux-rhel9-x86_64/gcc-7.4.0/gcc-12.3.0-iil3lnovyknyxf7pec36wljem3fntjd5/bin/g++]
  ignore line: [COLLECT_LTO_WRAPPER=/opt/scorec/spack/rhel9/v0201_4/install/linux-rhel9-x86_64/gcc-7.4.0/gcc-12.3.0-iil3lnovyknyxf7pec36wljem3fntjd5/libexec/gcc/x86_64-pc-linux-gnu/12.3.0/lto-wrapper]
  ignore line: [Target: x86_64-pc-linux-gnu]
  ignore line: [Configured with: /space/cwsmith/spack/rhel9/v0201_4/build_stage/spack-stage-gcc-12.3.0-iil3lnovyknyxf7pec36wljem3fntjd5/spack-src/configure --prefix=/opt/scorec/spack/rhel9/v0201_4/install/linux-rhel9-x86_64/gcc-7.4.0/gcc-12.3.0-iil3lnovyknyxf7pec36wljem3fntjd5 --with-pkgversion='Spack GCC' --with-bugurl=https://github.com/spack/spack/issues --disable-multilib --enable-languages=c c++ fortran --disable-nls --disable-canonical-system-headers --with-system-zlib --with-zstd-include=/opt/scorec/spack/rhel9/v0201_4/install/linux-rhel9-x86_64/gcc-7.4.0/zstd-1.5.5-jmx6qld47fhvlvb2xedqe74savl55i6p/include --with-zstd-lib=/opt/scorec/spack/rhel9/v0201_4/install/linux-rhel9-x86_64/gcc-7.4.0/zstd-1.5.5-jmx6qld47fhvlvb2xedqe74savl55i6p/lib --enable-bootstrap --with-mpfr-include=/opt/scorec/spack/rhel9/v0201_4/install/linux-rhel9-x86_64/gcc-7.4.0/mpfr-4.2.0-kaio7oplmuqaasj2pkoq2srjqy7qpxs5/include --with-mpfr-lib=/opt/scorec/spack/rhel9/v0201_4/install/linux-rhel9-x86_64/gcc-7.4.0/mpfr-4.2.0-kaio7oplmuqaasj2pkoq2srjqy7qpxs5/lib --with-gmp-include=/opt/scorec/spack/rhel9/v0201_4/install/linux-rhel9-x86_64/gcc-7.4.0/gmp-6.2.1-iex45aklocne2fbvezxzzfsp2w7vdlmg/include --with-gmp-lib=/opt/scorec/spack/rhel9/v0201_4/install/linux-rhel9-x86_64/gcc-7.4.0/gmp-6.2.1-iex45aklocne2fbvezxzzfsp2w7vdlmg/lib --with-mpc-include=/opt/scorec/spack/rhel9/v0201_4/install/linux-rhel9-x86_64/gcc-7.4.0/mpc-1.3.1-5wptfliuspyqo5a4qypm7auvrx6gldh5/include --with-mpc-lib=/opt/scorec/spack/rhel9/v0201_4/install/linux-rhel9-x86_64/gcc-7.4.0/mpc-1.3.1-5wptfliuspyqo5a4qypm7auvrx6gldh5/lib --without-isl --with-stage1-ldflags='-Wl -rpath /opt/scorec/spack/rhel9/v0201_4/install/linux-rhel9-x86_64/gcc-7.4.0/gcc-12.3.0-iil3lnovyknyxf7pec36wljem3fntjd5/lib -Wl -rpath /opt/scorec/spack/rhel9/v0201_4/install/linux-rhel9-x86_64/gcc-7.4.0/gcc-12.3.0-iil3lnovyknyxf7pec36wljem3fntjd5/lib64 -Wl -rpath /opt/scorec/spack/rhel9/v0201_4/install/linux-rhel9-x86_64/gcc-7.4.0/gmp-6.2.1-iex45aklocne2fbvezxzzfsp2w7vdlmg/lib -Wl -rpath /opt/scorec/spack/rhel9/v0201_4/install/linux-rhel9-x86_64/gcc-7.4.0/mpc-1.3.1-5wptfliuspyqo5a4qypm7auvrx6gldh5/lib -Wl -rpath /opt/scorec/spack/rhel9/v0201_4/install/linux-rhel9-x86_64/gcc-7.4.0/mpfr-4.2.0-kaio7oplmuqaasj2pkoq2srjqy7qpxs5/lib -Wl -rpath /opt/scorec/spack/rhel9/v0201_4/install/linux-rhel9-x86_64/gcc-7.4.0/zlib-1.2.13-mvjz5oiydrl3oey4yh7fh6mvpp5jjsfd/lib -Wl -rpath /opt/scorec/spack/rhel9/v0201_4/install/linux-rhel9-x86_64/gcc-7.4.0/zstd-1.5.5-jmx6qld47fhvlvb2xedqe74savl55i6p/lib' --with-boot-ldflags='-Wl -rpath /opt/scorec/spack/rhel9/v0201_4/install/linux-rhel9-x86_64/gcc-7.4.0/gcc-12.3.0-iil3lnovyknyxf7pec36wljem3fntjd5/lib -Wl -rpath /opt/scorec/spack/rhel9/v0201_4/install/linux-rhel9-x86_64/gcc-7.4.0/gcc-12.3.0-iil3lnovyknyxf7pec36wljem3fntjd5/lib64 -Wl -rpath /opt/scorec/spack/rhel9/v0201_4/install/linux-rhel9-x86_64/gcc-7.4.0/gmp-6.2.1-iex45aklocne2fbvezxzzfsp2w7vdlmg/lib -Wl -rpath /opt/scorec/spack/rhel9/v0201_4/install/linux-rhel9-x86_64/gcc-7.4.0/mpc-1.3.1-5wptfliuspyqo5a4qypm7auvrx6gldh5/lib -Wl -rpath /opt/scorec/spack/rhel9/v0201_4/install/linux-rhel9-x86_64/gcc-7.4.0/mpfr-4.2.0-kaio7oplmuqaasj2pkoq2srjqy7qpxs5/lib -Wl -rpath /opt/scorec/spack/rhel9/v0201_4/install/linux-rhel9-x86_64/gcc-7.4.0/zlib-1.2.13-mvjz5oiydrl3oey4yh7fh6mvpp5jjsfd/lib -Wl -rpath /opt/scorec/spack/rhel9/v0201_4/install/linux-rhel9-x86_64/gcc-7.4.0/zstd-1.5.5-jmx6qld47fhvlvb2xedqe74savl55i6p/lib -static-libstdc++ -static-libgcc' --with-build-config=spack]
  ignore line: [Thread model: posix]
  ignore line: [Supported LTO compression algorithms: zlib zstd]
  ignore line: [gcc version 12.3.0 (Spack GCC) ]
  ignore line: [COMPILER_PATH=/opt/scorec/spack/rhel9/v0201_4/install/linux-rhel9-x86_64/gcc-7.4.0/gcc-12.3.0-iil3lnovyknyxf7pec36wljem3fntjd5/libexec/gcc/x86_64-pc-linux-gnu/12.3.0/:/opt/scorec/spack/rhel9/v0201_4/install/linux-rhel9-x86_64/gcc-7.4.0/gcc-12.3.0-iil3lnovyknyxf7pec36wljem3fntjd5/libexec/gcc/x86_64-pc-linux-gnu/12.3.0/:/opt/scorec/spack/rhel9/v0201_4/install/linux-rhel9-x86_64/gcc-7.4.0/gcc-12.3.0-iil3lnovyknyxf7pec36wljem3fntjd5/libexec/gcc/x86_64-pc-linux-gnu/:/opt/scorec/spack/rhel9/v0201_4/install/linux-rhel9-x86_64/gcc-7.4.0/gcc-12.3.0-iil3lnovyknyxf7pec36wljem3fntjd5/lib/gcc/x86_64-pc-linux-gnu/12.3.0/:/opt/scorec/spack/rhel9/v0201_4/install/linux-rhel9-x86_64/gcc-7.4.0/gcc-12.3.0-iil3lnovyknyxf7pec36wljem3fntjd5/lib/gcc/x86_64-pc-linux-gnu/]
  ignore line: [LIBRARY_PATH=/opt/scorec/spack/rhel9/v0201_4/install/linux-rhel9-x86_64/gcc-7.4.0/gcc-12.3.0-iil3lnovyknyxf7pec36wljem3fntjd5/lib/gcc/x86_64-pc-linux-gnu/12.3.0/:/opt/scorec/spack/rhel9/v0201_4/install/linux-rhel9-x86_64/gcc-7.4.0/gcc-12.3.0-iil3lnovyknyxf7pec36wljem3fntjd5/lib/gcc/x86_64-pc-linux-gnu/12.3.0/../../../../lib64/:/lib/../lib64/:/usr/lib/../lib64/:/opt/scorec/spack/rhel9/v0201_4/install/linux-rhel9-x86_64/gcc-7.4.0/gcc-12.3.0-iil3lnovyknyxf7pec36wljem3fntjd5/lib/gcc/x86_64-pc-linux-gnu/12.3.0/../../../:/lib/:/usr/lib/]
  ignore line: [COLLECT_GCC_OPTIONS='-v' '-rdynamic' '-o' 'cmTC_a48d9' '-I' '/opt/scorec/spack/rhel9/v0201_4/install/linux-rhel9-x86_64/gcc-12.3.0/mpich-4.1.1-xpoyz4tqgfxtrm6m7qq67q4ccp5pnlre/include' '-L/opt/scorec/spack/rhel9/v0201_4/install/linux-rhel9-x86_64/gcc-12.3.0/mpich-4.1.1-xpoyz4tqgfxtrm6m7qq67q4ccp5pnlre/lib' '-shared-libgcc' '-mtune=generic' '-march=x86-64' '-dumpdir' 'cmTC_a48d9.']
  link line: [ /opt/scorec/spack/rhel9/v0201_4/install/linux-rhel9-x86_64/gcc-7.4.0/gcc-12.3.0-iil3lnovyknyxf7pec36wljem3fntjd5/libexec/gcc/x86_64-pc-linux-gnu/12.3.0/collect2 -plugin /opt/scorec/spack/rhel9/v0201_4/install/linux-rhel9-x86_64/gcc-7.4.0/gcc-12.3.0-iil3lnovyknyxf7pec36wljem3fntjd5/libexec/gcc/x86_64-pc-linux-gnu/12.3.0/liblto_plugin.so -plugin-opt=/opt/scorec/spack/rhel9/v0201_4/install/linux-rhel9-x86_64/gcc-7.4.0/gcc-12.3.0-iil3lnovyknyxf7pec36wljem3fntjd5/libexec/gcc/x86_64-pc-linux-gnu/12.3.0/lto-wrapper -plugin-opt=-fresolution=/tmp/cc5GJHh8.res -plugin-opt=-pass-through=-lgcc_s -plugin-opt=-pass-through=-lgcc -plugin-opt=-pass-through=-lc -plugin-opt=-pass-through=-lgcc_s -plugin-opt=-pass-through=-lgcc --eh-frame-hdr -m elf_x86_64 -export-dynamic -dynamic-linker /lib64/ld-linux-x86-64.so.2 -o cmTC_a48d9 /lib/../lib64/crt1.o /lib/../lib64/crti.o /opt/scorec/spack/rhel9/v0201_4/install/linux-rhel9-x86_64/gcc-7.4.0/gcc-12.3.0-iil3lnovyknyxf7pec36wljem3fntjd5/lib/gcc/x86_64-pc-linux-gnu/12.3.0/crtbegin.o -L/opt/scorec/spack/rhel9/v0201_4/install/linux-rhel9-x86_64/gcc-12.3.0/mpich-4.1.1-xpoyz4tqgfxtrm6m7qq67q4ccp5pnlre/lib -rpath /opt/scorec/spack/rhel9/v0201_4/install/linux-rhel9-x86_64/gcc-7.4.0/gcc-12.3.0-iil3lnovyknyxf7pec36wljem3fntjd5/lib64 -L/opt/scorec/spack/rhel9/v0201_4/install/linux-rhel9-x86_64/gcc-7.4.0/gcc-12.3.0-iil3lnovyknyxf7pec36wljem3fntjd5/lib/gcc/x86_64-pc-linux-gnu/12.3.0 -L/opt/scorec/spack/rhel9/v0201_4/install/linux-rhel9-x86_64/gcc-7.4.0/gcc-12.3.0-iil3lnovyknyxf7pec36wljem3fntjd5/lib/gcc/x86_64-pc-linux-gnu/12.3.0/../../../../lib64 -L/lib/../lib64 -L/usr/lib/../lib64 -L/opt/scorec/spack/rhel9/v0201_4/install/linux-rhel9-x86_64/gcc-7.4.0/gcc-12.3.0-iil3lnovyknyxf7pec36wljem3fntjd5/lib/gcc/x86_64-pc-linux-gnu/12.3.0/../../.. CMakeFiles/cmTC_a48d9.dir/CMakeCXXCompilerABI.cpp.o -lmpicxx -rpath /opt/scorec/spack/rhel9/v0201_4/install/linux-rhel9-x86_64/gcc-12.3.0/mpich-4.1.1-xpoyz4tqgfxtrm6m7qq67q4ccp5pnlre/lib -lmpi -lstdc++ -lm -lgcc_s -lgcc -lc -lgcc_s -lgcc /opt/scorec/spack/rhel9/v0201_4/install/linux-rhel9-x86_64/gcc-7.4.0/gcc-12.3.0-iil3lnovyknyxf7pec36wljem3fntjd5/lib/gcc/x86_64-pc-linux-gnu/12.3.0/crtend.o /lib/../lib64/crtn.o]
    arg [/opt/scorec/spack/rhel9/v0201_4/install/linux-rhel9-x86_64/gcc-7.4.0/gcc-12.3.0-iil3lnovyknyxf7pec36wljem3fntjd5/libexec/gcc/x86_64-pc-linux-gnu/12.3.0/collect2] ==> ignore
    arg [-plugin] ==> ignore
    arg [/opt/scorec/spack/rhel9/v0201_4/install/linux-rhel9-x86_64/gcc-7.4.0/gcc-12.3.0-iil3lnovyknyxf7pec36wljem3fntjd5/libexec/gcc/x86_64-pc-linux-gnu/12.3.0/liblto_plugin.so] ==> ignore
    arg [-plugin-opt=/opt/scorec/spack/rhel9/v0201_4/install/linux-rhel9-x86_64/gcc-7.4.0/gcc-12.3.0-iil3lnovyknyxf7pec36wljem3fntjd5/libexec/gcc/x86_64-pc-linux-gnu/12.3.0/lto-wrapper] ==> ignore
    arg [-plugin-opt=-fresolution=/tmp/cc5GJHh8.res] ==> ignore
    arg [-plugin-opt=-pass-through=-lgcc_s] ==> ignore
    arg [-plugin-opt=-pass-through=-lgcc] ==> ignore
    arg [-plugin-opt=-pass-through=-lc] ==> ignore
    arg [-plugin-opt=-pass-through=-lgcc_s] ==> ignore
    arg [-plugin-opt=-pass-through=-lgcc] ==> ignore
    arg [--eh-frame-hdr] ==> ignore
    arg [-m] ==> ignore
    arg [elf_x86_64] ==> ignore
    arg [-export-dynamic] ==> ignore
    arg [-dynamic-linker] ==> ignore
    arg [/lib64/ld-linux-x86-64.so.2] ==> ignore
    arg [-o] ==> ignore
    arg [cmTC_a48d9] ==> ignore
    arg [/lib/../lib64/crt1.o] ==> ignore
    arg [/lib/../lib64/crti.o] ==> ignore
    arg [/opt/scorec/spack/rhel9/v0201_4/install/linux-rhel9-x86_64/gcc-7.4.0/gcc-12.3.0-iil3lnovyknyxf7pec36wljem3fntjd5/lib/gcc/x86_64-pc-linux-gnu/12.3.0/crtbegin.o] ==> ignore
    arg [-L/opt/scorec/spack/rhel9/v0201_4/install/linux-rhel9-x86_64/gcc-12.3.0/mpich-4.1.1-xpoyz4tqgfxtrm6m7qq67q4ccp5pnlre/lib] ==> dir [/opt/scorec/spack/rhel9/v0201_4/install/linux-rhel9-x86_64/gcc-12.3.0/mpich-4.1.1-xpoyz4tqgfxtrm6m7qq67q4ccp5pnlre/lib]
    arg [-rpath] ==> ignore
    arg [/opt/scorec/spack/rhel9/v0201_4/install/linux-rhel9-x86_64/gcc-7.4.0/gcc-12.3.0-iil3lnovyknyxf7pec36wljem3fntjd5/lib64] ==> ignore
    arg [-L/opt/scorec/spack/rhel9/v0201_4/install/linux-rhel9-x86_64/gcc-7.4.0/gcc-12.3.0-iil3lnovyknyxf7pec36wljem3fntjd5/lib/gcc/x86_64-pc-linux-gnu/12.3.0] ==> dir [/opt/scorec/spack/rhel9/v0201_4/install/linux-rhel9-x86_64/gcc-7.4.0/gcc-12.3.0-iil3lnovyknyxf7pec36wljem3fntjd5/lib/gcc/x86_64-pc-linux-gnu/12.3.0]
    arg [-L/opt/scorec/spack/rhel9/v0201_4/install/linux-rhel9-x86_64/gcc-7.4.0/gcc-12.3.0-iil3lnovyknyxf7pec36wljem3fntjd5/lib/gcc/x86_64-pc-linux-gnu/12.3.0/../../../../lib64] ==> dir [/opt/scorec/spack/rhel9/v0201_4/install/linux-rhel9-x86_64/gcc-7.4.0/gcc-12.3.0-iil3lnovyknyxf7pec36wljem3fntjd5/lib/gcc/x86_64-pc-linux-gnu/12.3.0/../../../../lib64]
    arg [-L/lib/../lib64] ==> dir [/lib/../lib64]
    arg [-L/usr/lib/../lib64] ==> dir [/usr/lib/../lib64]
    arg [-L/opt/scorec/spack/rhel9/v0201_4/install/linux-rhel9-x86_64/gcc-7.4.0/gcc-12.3.0-iil3lnovyknyxf7pec36wljem3fntjd5/lib/gcc/x86_64-pc-linux-gnu/12.3.0/../../..] ==> dir [/opt/scorec/spack/rhel9/v0201_4/install/linux-rhel9-x86_64/gcc-7.4.0/gcc-12.3.0-iil3lnovyknyxf7pec36wljem3fntjd5/lib/gcc/x86_64-pc-linux-gnu/12.3.0/../../..]
    arg [CMakeFiles/cmTC_a48d9.dir/CMakeCXXCompilerABI.cpp.o] ==> ignore
    arg [-lmpicxx] ==> lib [mpicxx]
    arg [-rpath] ==> ignore
    arg [/opt/scorec/spack/rhel9/v0201_4/install/linux-rhel9-x86_64/gcc-12.3.0/mpich-4.1.1-xpoyz4tqgfxtrm6m7qq67q4ccp5pnlre/lib] ==> ignore
    arg [-lmpi] ==> lib [mpi]
    arg [-lstdc++] ==> lib [stdc++]
    arg [-lm] ==> lib [m]
    arg [-lgcc_s] ==> lib [gcc_s]
    arg [-lgcc] ==> lib [gcc]
    arg [-lc] ==> lib [c]
    arg [-lgcc_s] ==> lib [gcc_s]
    arg [-lgcc] ==> lib [gcc]
    arg [/opt/scorec/spack/rhel9/v0201_4/install/linux-rhel9-x86_64/gcc-7.4.0/gcc-12.3.0-iil3lnovyknyxf7pec36wljem3fntjd5/lib/gcc/x86_64-pc-linux-gnu/12.3.0/crtend.o] ==> ignore
    arg [/lib/../lib64/crtn.o] ==> ignore
  collapse library dir [/opt/scorec/spack/rhel9/v0201_4/install/linux-rhel9-x86_64/gcc-12.3.0/mpich-4.1.1-xpoyz4tqgfxtrm6m7qq67q4ccp5pnlre/lib] ==> [/opt/scorec/spack/rhel9/v0201_4/install/linux-rhel9-x86_64/gcc-12.3.0/mpich-4.1.1-xpoyz4tqgfxtrm6m7qq67q4ccp5pnlre/lib]
  collapse library dir [/opt/scorec/spack/rhel9/v0201_4/install/linux-rhel9-x86_64/gcc-7.4.0/gcc-12.3.0-iil3lnovyknyxf7pec36wljem3fntjd5/lib/gcc/x86_64-pc-linux-gnu/12.3.0] ==> [/opt/scorec/spack/rhel9/v0201_4/install/linux-rhel9-x86_64/gcc-7.4.0/gcc-12.3.0-iil3lnovyknyxf7pec36wljem3fntjd5/lib/gcc/x86_64-pc-linux-gnu/12.3.0]
  collapse library dir [/opt/scorec/spack/rhel9/v0201_4/install/linux-rhel9-x86_64/gcc-7.4.0/gcc-12.3.0-iil3lnovyknyxf7pec36wljem3fntjd5/lib/gcc/x86_64-pc-linux-gnu/12.3.0/../../../../lib64] ==> [/opt/scorec/spack/rhel9/v0201_4/install/linux-rhel9-x86_64/gcc-7.4.0/gcc-12.3.0-iil3lnovyknyxf7pec36wljem3fntjd5/lib64]
  collapse library dir [/lib/../lib64] ==> [/lib64]
  collapse library dir [/usr/lib/../lib64] ==> [/usr/lib64]
  collapse library dir [/opt/scorec/spack/rhel9/v0201_4/install/linux-rhel9-x86_64/gcc-7.4.0/gcc-12.3.0-iil3lnovyknyxf7pec36wljem3fntjd5/lib/gcc/x86_64-pc-linux-gnu/12.3.0/../../..] ==> [/opt/scorec/spack/rhel9/v0201_4/install/linux-rhel9-x86_64/gcc-7.4.0/gcc-12.3.0-iil3lnovyknyxf7pec36wljem3fntjd5/lib]
  implicit libs: [mpicxx;mpi;stdc++;m;gcc_s;gcc;c;gcc_s;gcc]
  implicit dirs: [/opt/scorec/spack/rhel9/v0201_4/install/linux-rhel9-x86_64/gcc-12.3.0/mpich-4.1.1-xpoyz4tqgfxtrm6m7qq67q4ccp5pnlre/lib;/opt/scorec/spack/rhel9/v0201_4/install/linux-rhel9-x86_64/gcc-7.4.0/gcc-12.3.0-iil3lnovyknyxf7pec36wljem3fntjd5/lib/gcc/x86_64-pc-linux-gnu/12.3.0;/opt/scorec/spack/rhel9/v0201_4/install/linux-rhel9-x86_64/gcc-7.4.0/gcc-12.3.0-iil3lnovyknyxf7pec36wljem3fntjd5/lib64;/lib64;/usr/lib64;/opt/scorec/spack/rhel9/v0201_4/install/linux-rhel9-x86_64/gcc-7.4.0/gcc-12.3.0-iil3lnovyknyxf7pec36wljem3fntjd5/lib]
  implicit fwks: []


